-0.000095,-1.300023,0.000104,1.299897,-1,-1,-1
-0.000108,-1.300025,0.000119,1.299899,-1,-1,-1
-0.000110,-1.300026,0.000121,1.299899,-1,-1,-1
-0.000111,-1.300026,0.000123,1.299900,-1,-1,-1
-0.000112,-1.300026,0.000124,1.299900,-1,-1,-1
-0.000114,-1.300026,0.000126,1.299900,-1,-1,-1
-0.000116,-1.300027,0.000128,1.299900,-1,-1,-1
-0.000117,-1.300027,0.000130,1.299901,-1,-1,-1
-0.000119,-1.300027,0.000131,1.299901,-1,-1,-1
-0.000120,-1.300027,0.000133,1.299901,-1,-1,-1
-0.000121,-1.300027,0.000134,1.299901,-1,-1,-1
-0.000122,-1.300028,0.000135,1.299902,-1,-1,-1
-0.000124,-1.300028,0.000137,1.299902,-1,-1,-1
-0.000126,-1.300028,0.000139,1.299902,-1,-1,-1
-0.000127,-1.300028,0.000141,1.299902,-1,-1,-1
-0.000130,-1.298951,0.000142,1.299903,-1,-1,-1
-0.000137,-1.293458,0.000144,1.299903,-1,-1,-1
-0.000148,-1.284572,0.000146,1.299903,-1,-1,-1
-0.000160,-1.273455,0.000147,1.299904,-1,-1,-1
-0.000150,-1.259876,0.000149,1.299904,-1,-1,-1
-0.000177,-1.250404,0.000150,1.299904,-1,-1,-1
-0.000201,-1.238903,0.000151,1.299904,-1,-1,-1
-0.000248,-1.214718,0.000153,1.299905,-1,-1,-1
-0.000358,-1.172915,0.000157,1.299905,-1,-1,-1
-0.000671,-1.136984,0.000159,1.299905,-1,-1,-1
-0.000654,-1.091722,0.000161,1.299906,-1,-1,-1
-0.001804,-1.044795,0.000164,1.299906,-1,-1,-1
-0.004211,-1.004441,0.000167,1.299907,-1,-1,-1
-0.006277,-0.975251,0.000169,1.299907,-1,-1,-1
-0.008062,-0.951080,0.000171,1.299907,-1,-1,-1
-0.011062,-0.923984,0.000173,1.299908,32,407,10
-0.014214,-0.906815,0.000175,1.299908,51,379,26
-0.016745,-0.897466,0.000177,1.299909,-1,-1,-1
-0.020168,-0.888747,0.000180,1.299909,-1,-1,-1
-0.022699,-0.883879,0.000183,1.299909,-1,-1,-1
-0.023456,-0.882585,0.000185,1.299910,331,419,9
-0.023628,-0.882300,0.000186,1.299910,354,420,9
-0.025891,-0.878506,0.000190,1.299911,374,397,16
-0.029239,-0.872483,0.000191,1.299911,357,423,6
-0.037204,-0.856574,0.000194,1.299911,323,426,10
-0.043820,-0.842259,0.000196,1.299912,-1,-1,-1
-0.055433,-0.815382,0.000199,1.299912,-1,-1,-1
-0.070706,-0.776733,0.000202,1.299913,246,413,33
-0.079461,-0.753129,0.000204,1.299913,211,450,20
-0.091513,-0.717587,0.000206,1.299913,-1,-1,-1
-0.098063,-0.695572,0.000208,1.299914,-1,-1,-1
-0.103655,-0.675290,0.000211,1.299914,-1,-1,-1
-0.109751,-0.655236,0.000214,1.299915,-1,-1,-1
-0.114550,-0.639676,0.000216,1.299915,-1,-1,-1
-0.119397,-0.621864,0.000219,1.299915,-1,-1,-1
-0.121086,-0.611478,0.000221,1.299916,-1,-1,-1
-0.121548,-0.602716,0.000223,1.299916,-1,-1,-1
-0.121295,-0.595726,0.000225,1.299917,-1,-1,-1
-0.120737,-0.590452,0.000227,1.299917,-1,-1,-1
-0.119439,-0.583199,0.000231,1.299917,-1,-1,-1
-0.118512,-0.579420,0.000233,1.299918,-1,-1,-1
-0.117758,-0.576776,0.000235,1.299918,-1,-1,-1
-0.117288,-0.575270,0.000238,1.299919,-1,-1,-1
-0.117166,-0.574892,0.000240,1.299919,-1,-1,-1
-0.117180,-0.574926,0.000242,1.299919,-1,-1,-1
-0.117153,-0.574829,0.000244,1.299920,-1,-1,-1
-0.116124,-0.571396,0.000247,1.299920,-1,-1,-1
-0.114855,-0.566287,0.000249,1.299920,-1,-1,-1
-0.111893,-0.549291,0.000252,1.299921,-1,-1,-1
-0.109584,-0.532490,0.000254,1.299921,-1,-1,-1
-0.106489,-0.507023,0.000256,1.299922,-1,-1,-1
-0.103049,-0.477049,0.000259,1.299922,-1,-1,-1
-0.098606,-0.443303,0.000261,1.299923,-1,-1,-1
-0.094281,-0.414194,0.000263,1.299923,-1,-1,-1
-0.086653,-0.370184,0.000266,1.299923,-1,-1,-1
-0.079190,-0.327878,0.000268,1.299924,-1,-1,-1
-0.070845,-0.263854,0.000272,1.299924,-1,-1,-1
-0.068813,-0.221081,0.000274,1.299925,-1,-1,-1
-0.069615,-0.215326,0.000275,1.299925,-1,-1,-1
-0.069599,-0.214741,0.000278,1.299925,336,145,11
-0.069620,-0.214689,0.000281,1.299926,342,147,7
-0.069615,-0.214693,0.000282,1.299926,344,144,11
-0.069633,-0.214689,0.000285,1.299926,342,143,8
-0.069634,-0.214689,0.000288,1.299927,345,145,10
-0.069640,-0.214695,0.000290,1.299927,346,146,11
-0.069647,-0.214689,0.000293,1.299928,346,144,10
-0.069644,-0.214695,0.000295,1.299928,345,145,10
-0.069665,-0.214688,0.000297,1.299928,345,146,11
-0.069666,-0.214689,0.000299,1.299929,343,145,11
-0.069675,-0.214696,0.000302,1.299929,345,145,10
-0.069680,-0.214691,0.000304,1.299930,345,145,10
-0.069683,-0.214692,0.000307,1.299930,344,146,10
-0.069691,-0.214689,0.000309,1.299930,346,144,10
-0.069687,-0.214693,0.000312,1.299931,346,144,10
-0.069701,-0.214689,0.000314,1.299931,345,145,10
-0.069703,-0.214689,0.000316,1.299932,341,144,9
-0.069700,-0.214691,0.000319,1.299932,345,143,5
-0.069700,-0.214693,0.000321,1.299932,345,145,11
-0.069705,-0.214694,0.000324,1.299933,345,145,10
-0.069716,-0.215171,0.000325,1.299933,345,145,10
-0.069919,-0.219478,0.000328,1.299934,344,146,11
-0.070592,-0.225482,0.000330,1.299934,308,144,11
-0.072506,-0.237332,0.000332,1.299934,-1,-1,-1
-0.075673,-0.255677,0.000335,1.299935,-1,-1,-1
-0.080577,-0.280290,0.000337,1.299935,-1,-1,-1
-0.086662,-0.308925,0.000340,1.299936,-1,-1,-1
-0.095267,-0.346896,0.000342,1.299936,-1,-1,-1
-0.105354,-0.390858,0.000345,1.299936,-1,-1,-1
-0.116135,-0.437239,0.000347,1.299937,-1,-1,-1
-0.124828,-0.474182,0.000349,1.299937,-1,-1,-1
-0.138901,-0.537246,0.000352,1.299938,-1,-1,-1
-0.145545,-0.569068,0.000354,1.299938,-1,-1,-1
-0.152982,-0.604186,0.000357,1.299939,-1,-1,-1
-0.156902,-0.626793,0.000359,1.299939,-1,-1,-1
-0.158509,-0.644181,0.000361,1.299939,-1,-1,-1
-0.158179,-0.660846,0.000363,1.299940,-1,-1,-1
-0.155573,-0.673668,0.000366,1.299940,-1,-1,-1
-0.153628,-0.678002,0.000369,1.299940,-1,-1,-1
-0.154265,-0.677208,0.000371,1.299941,-1,-1,-1
-0.158054,-0.673410,0.000373,1.299941,-1,-1,-1
-0.166954,-0.666828,0.000375,1.299942,-1,-1,-1
-0.180722,-0.659134,0.000378,1.299942,-1,-1,-1
-0.191806,-0.654460,0.000379,1.299942,-1,-1,-1
-0.222956,-0.645721,0.000383,1.299943,-1,-1,-1
-0.248124,-0.642101,0.000385,1.299943,-1,-1,-1
-0.283599,-0.640650,0.000387,1.299944,-1,-1,-1
-0.307793,-0.641475,0.000389,1.299944,-1,-1,-1
-0.352114,-0.644682,0.000391,1.299944,-1,-1,-1
-0.394216,-0.653828,0.000395,1.299945,-1,-1,-1
-0.400290,-0.657646,0.000396,1.299945,-1,-1,-1
-0.416253,-0.660621,0.000399,1.299946,-1,-1,-1
-0.428003,-0.660669,0.000401,1.299946,-1,-1,-1
-0.438941,-0.657798,0.000404,1.299946,-1,-1,-1
-0.449858,-0.652629,0.000407,1.299947,-1,-1,-1
-0.456214,-0.649139,0.000409,1.299947,-1,-1,-1
-0.460607,-0.648554,0.000411,1.299948,598,160,9
-0.461261,-0.649195,0.000413,1.299948,501,165,8
-0.461274,-0.649175,0.000416,1.299949,485,165,8
-0.461274,-0.648988,0.000419,1.299949,485,164,9
-0.461240,-0.648954,0.000421,1.299949,490,165,8
-0.461241,-0.648950,0.000424,1.299950,489,164,9
-0.461222,-0.648614,0.000426,1.299950,491,163,8
-0.461228,-0.648619,0.000428,1.299951,492,166,6
-0.461237,-0.648306,0.000430,1.299951,499,164,8
-0.461240,-0.648289,0.000433,1.299951,504,164,7
-0.461259,-0.648277,0.000435,1.299952,507,163,9
-0.461247,-0.648230,0.000437,1.299952,506,164,7
-0.461242,-0.648214,0.000440,1.299953,508,163,8
-0.461250,-0.647812,0.000443,1.299953,508,164,9
-0.461253,-0.647786,0.000445,1.299954,514,166,7
-0.461253,-0.647788,0.000447,1.299954,521,164,8
-0.461263,-0.647672,0.000450,1.299954,520,164,6
-0.461274,-0.647536,0.000452,1.299955,522,164,8
-0.461187,-0.649829,0.000454,1.299955,530,163,9
-0.461321,-0.655089,0.000456,1.299955,503,163,8
-0.462348,-0.663490,0.000459,1.299956,-1,-1,-1
-0.465610,-0.679666,0.000462,1.299956,-1,-1,-1
-0.470337,-0.698006,0.000464,1.299957,-1,-1,-1
-0.478393,-0.723348,0.000466,1.299957,-1,-1,-1
-0.490228,-0.754683,0.000469,1.299957,-1,-1,-1
-0.501258,-0.780675,0.000471,1.299958,-1,-1,-1
-0.523672,-0.827497,0.000473,1.299958,-1,-1,-1
-0.550027,-0.877522,0.000476,1.299959,510,420,10
-0.569468,-0.913655,0.000478,1.299959,-1,-1,-1
-0.567680,-0.933359,0.000480,1.299959,-1,-1,-1
-0.561965,-0.954766,0.000483,1.299960,-1,-1,-1
-0.558747,-0.955298,0.000484,1.299960,-1,-1,-1
-0.558345,-0.955437,0.000487,1.299961,-1,-1,-1
-0.558350,-0.955436,0.000490,1.299961,-1,-1,-1
-0.558347,-0.955428,0.000492,1.299961,-1,-1,-1
-0.558336,-0.955417,0.000494,1.299962,-1,-1,-1
-0.558324,-0.955406,0.000497,1.299962,-1,-1,-1
-0.558310,-0.955393,0.000500,1.299963,-1,-1,-1
-0.558301,-0.955384,0.000502,1.299963,-1,-1,-1
-0.558054,-0.955151,0.000504,1.299964,-1,-1,-1
-0.556665,-0.953811,0.000506,1.299964,-1,-1,-1
-0.552007,-0.949127,0.000509,1.299964,-1,-1,-1
-0.545477,-0.942901,0.000511,1.299965,-1,-1,-1
-0.534035,-0.932893,0.000514,1.299965,136,362,22
-0.519158,-0.920496,0.000516,1.299966,-1,-1,-1
-0.500845,-0.906432,0.000518,1.299966,-1,-1,-1
-0.475900,-0.888795,0.000521,1.299966,-1,-1,-1
-0.447586,-0.870306,0.000523,1.299967,-1,-1,-1
-0.409283,-0.848125,0.000526,1.299967,-1,-1,-1
-0.375195,-0.829579,0.000528,1.299968,-1,-1,-1
-0.347892,-0.814912,0.000530,1.299968,-1,-1,-1
-0.303371,-0.792172,0.000533,1.299968,-1,-1,-1
-0.268899,-0.776490,0.000535,1.299969,-1,-1,-1
-0.220160,-0.759710,0.000538,1.299969,-1,-1,-1
-0.188131,-0.753157,0.000540,1.299970,-1,-1,-1
-0.166301,-0.750496,0.000542,1.299970,-1,-1,-1
-0.137037,-0.748913,0.000544,1.299970,-1,-1,-1
-0.096362,-0.749506,0.000547,1.299971,-1,-1,-1
-0.050858,-0.752576,0.000549,1.299971,-1,-1,-1
-0.015870,-0.755213,0.000551,1.299972,-1,-1,-1
0.038228,-0.758210,0.000554,1.299972,-1,-1,-1
0.063736,-0.758441,0.000556,1.299972,-1,-1,-1
0.129126,-0.754059,0.000559,1.299973,-1,-1,-1
0.182311,-0.745284,0.000561,1.299973,-1,-1,-1
0.225183,-0.732668,0.000564,1.299974,-1,-1,-1
0.267588,-0.715754,0.000566,1.299974,-1,-1,-1
0.322269,-0.687003,0.000569,1.299975,-1,-1,-1
0.354870,-0.665016,0.000571,1.299975,-1,-1,-1
0.393709,-0.635060,0.000573,1.299975,-1,-1,-1
0.400391,-0.629973,0.000576,1.299976,-1,-1,-1
0.399826,-0.630481,0.000578,1.299976,-1,-1,-1
0.399810,-0.630457,0.000581,1.299977,-1,-1,-1
0.399800,-0.630457,0.000583,1.299977,-1,-1,-1
0.399797,-0.630444,0.000585,1.299977,-1,-1,-1
0.399798,-0.630444,0.000588,1.299978,-1,-1,-1
0.399777,-0.630427,0.000590,1.299978,-1,-1,-1
0.399777,-0.630424,0.000593,1.299979,-1,-1,-1
0.399764,-0.630410,0.000594,1.299979,-1,-1,-1
0.399746,-0.630388,0.000597,1.299980,-1,-1,-1
0.399739,-0.630379,0.000599,1.299980,51,377,14
0.399735,-0.630381,0.000603,1.299980,-1,-1,-1
0.399721,-0.630360,0.000604,1.299981,-1,-1,-1
0.399716,-0.630356,0.000607,1.299981,50,373,13
0.399717,-0.630356,0.000609,1.299981,-1,-1,-1
0.398086,-0.631970,0.000612,1.299982,-1,-1,-1
0.394373,-0.635908,0.000613,1.299982,-1,-1,-1
0.382564,-0.650110,0.000616,1.299983,-1,-1,-1
0.369504,-0.667833,0.000618,1.299983,-1,-1,-1
0.353726,-0.691886,0.000621,1.299984,-1,-1,-1
0.338016,-0.718676,0.000623,1.299984,-1,-1,-1
0.320616,-0.752610,0.000626,1.299984,-1,-1,-1
0.304959,-0.787520,0.000628,1.299985,-1,-1,-1
0.283348,-0.843919,0.000631,1.299985,-1,-1,-1
0.267249,-0.888601,0.000633,1.299986,-1,-1,-1
0.249811,-0.937007,0.000635,1.299986,-1,-1,-1
0.230682,-0.990160,0.000638,1.299987,-1,-1,-1
0.215801,-1.031527,0.000640,1.299987,-1,-1,-1
0.202764,-1.067787,0.000642,1.299987,-1,-1,-1
0.179464,-1.132651,0.000645,1.299988,-1,-1,-1
0.161900,-1.181595,0.000648,1.299988,-1,-1,-1
0.147058,-1.222964,0.000650,1.299989,-1,-1,-1
0.131186,-1.267238,0.000652,1.299989,-1,-1,-1
0.113169,-1.317529,0.000655,1.299989,-1,-1,-1
0.100855,-1.351914,0.000657,1.299990,-1,-1,-1
0.079490,-1.411638,0.000660,1.299990,-1,-1,-1
0.060744,-1.444104,0.000662,1.299991,-1,-1,-1
0.041421,-1.451644,0.000664,1.299991,49,181,8
0.025218,-1.462739,0.000667,1.299992,-1,-1,-1
0.013514,-1.473267,0.000669,1.299992,-1,-1,-1
0.001945,-1.487182,0.000671,1.299992,-1,-1,-1
-0.006096,-1.500367,0.000673,1.299993,-1,-1,-1
-0.012915,-1.515792,0.000676,1.299993,-1,-1,-1
-0.009964,-1.519745,0.000678,1.299994,-1,-1,-1
-0.005919,-1.523232,0.000680,1.299994,91,471,6
-0.005683,-1.523170,0.000683,1.299994,164,465,8
-0.005692,-1.523177,0.000685,1.299995,155,455,9
-0.005687,-1.523182,0.000688,1.299995,161,452,10
-0.005692,-1.523188,0.000690,1.299996,156,460,6
-0.005691,-1.523189,0.000692,1.299996,160,465,10
-0.005703,-1.523195,0.000695,1.299996,159,450,7
-0.005698,-1.523197,0.000697,1.299997,282,426,12
-0.005710,-1.523204,0.000700,1.299997,279,426,13
-0.005708,-1.523206,0.000702,1.299998,162,474,17
-0.005721,-1.523211,0.000704,1.299998,156,479,24
-0.005714,-1.523213,0.000707,1.299998,160,452,9
-0.005708,-1.523207,0.000709,1.299999,161,452,11
-0.005709,-1.523208,0.000711,1.299999,159,450,7
-0.005721,-1.523213,0.000714,1.300000,159,451,11
-0.006320,-1.522631,0.000716,1.300000,156,423,20
-0.010013,-1.519189,0.000719,1.300001,159,463,6
-0.018233,-1.512029,0.000721,1.300001,193,469,13
-0.027016,-1.504223,0.000723,1.300001,327,411,16
-0.044145,-1.488367,0.000726,1.300002,314,421,13
-0.062342,-1.470947,0.000729,1.300002,157,453,20
-0.074897,-1.458369,0.000730,1.300003,302,463,15
-0.100784,-1.431542,0.000733,1.300003,-1,-1,-1
-0.123739,-1.405868,0.000735,1.300003,-1,-1,-1
-0.150275,-1.374680,0.000737,1.300004,-1,-1,-1
-0.176747,-1.340942,0.000740,1.300004,-1,-1,-1
-0.210303,-1.291846,0.000743,1.300005,-1,-1,-1
-0.231235,-1.254798,0.000745,1.300005,-1,-1,-1
-0.253374,-1.203419,0.000747,1.300006,-1,-1,-1
-0.264747,-1.168591,0.000749,1.300006,-1,-1,-1
-0.280240,-1.095511,0.000752,1.300006,-1,-1,-1
-0.284933,-1.037694,0.000755,1.300007,-1,-1,-1
-0.285172,-1.004645,0.000757,1.300007,-1,-1,-1
-0.279803,-0.950461,0.000759,1.300008,-1,-1,-1
-0.266077,-0.884545,0.000763,1.300008,-1,-1,-1
-0.256539,-0.852623,0.000765,1.300009,206,406,21
-0.243227,-0.819937,0.000767,1.300009,-1,-1,-1
-0.230070,-0.796147,0.000769,1.300009,-1,-1,-1
-0.215093,-0.773536,0.000771,1.300010,-1,-1,-1
-0.190986,-0.744078,0.000774,1.300010,-1,-1,-1
-0.169901,-0.722070,0.000775,1.300011,-1,-1,-1
-0.134147,-0.687971,0.000778,1.300011,-1,-1,-1
-0.111424,-0.666649,0.000780,1.300011,-1,-1,-1
-0.078718,-0.637724,0.000783,1.300012,-1,-1,-1
-0.037985,-0.608386,0.000785,1.300012,-1,-1,-1
-0.010778,-0.590708,0.000787,1.300013,-1,-1,-1
0.024607,-0.567218,0.000790,1.300013,-1,-1,-1
0.065994,-0.537063,0.000792,1.300013,-1,-1,-1
0.103525,-0.505713,0.000795,1.300014,-1,-1,-1
0.138843,-0.468878,0.000797,1.300014,-1,-1,-1
0.167179,-0.432438,0.000799,1.300015,-1,-1,-1
0.192140,-0.393098,0.000802,1.300015,547,375,16
0.211869,-0.354122,0.000804,1.300015,-1,-1,-1
0.232581,-0.301070,0.000807,1.300016,-1,-1,-1
0.244015,-0.259967,0.000809,1.300016,-1,-1,-1
0.254614,-0.205504,0.000812,1.300017,60,143,11
0.256379,-0.169590,0.000815,1.300017,217,145,12
0.250851,-0.139338,0.000817,1.300018,444,143,10
0.240041,-0.115247,0.000820,1.300018,619,135,13
0.231119,-0.102083,0.000821,1.300019,-1,-1,-1
0.217878,-0.088505,0.000823,1.300019,-1,-1,-1
0.218383,-0.088271,0.000826,1.300019,-1,-1,-1
0.217361,-0.088406,0.000828,1.300020,-1,-1,-1
0.215194,-0.088418,0.000831,1.300020,-1,-1,-1
0.214633,-0.088445,0.000833,1.300021,-1,-1,-1
0.214620,-0.088450,0.000836,1.300021,-1,-1,-1
0.214619,-0.088450,0.000838,1.300022,-1,-1,-1
0.214619,-0.088454,0.000839,1.300022,-1,-1,-1
0.214619,-0.088456,0.000842,1.300022,-1,-1,-1
0.214615,-0.088466,0.000845,1.300023,-1,-1,-1
0.214618,-0.088464,0.000847,1.300023,-1,-1,-1
0.214618,-0.088470,0.000850,1.300024,-1,-1,-1
0.214617,-0.088473,0.000852,1.300024,-1,-1,-1
0.214616,-0.088477,0.000854,1.300024,-1,-1,-1
0.214617,-0.088482,0.000857,1.300025,-1,-1,-1
0.214616,-0.088483,0.000859,1.300025,-1,-1,-1
0.214616,-0.088489,0.000861,1.300026,-1,-1,-1
0.214615,-0.088492,0.000864,1.300026,-1,-1,-1
0.214620,-0.088497,0.000866,1.300026,-1,-1,-1
0.214617,-0.088499,0.000869,1.300027,-1,-1,-1
0.214616,-0.088508,0.000871,1.300027,-1,-1,-1
0.214616,-0.088516,0.000874,1.300028,-1,-1,-1
0.214615,-0.088519,0.000876,1.300028,-1,-1,-1
0.214619,-0.088515,0.000878,1.300029,-1,-1,-1
0.214616,-0.088518,0.000881,1.300029,-1,-1,-1
0.214617,-0.088523,0.000883,1.300029,-1,-1,-1
0.214618,-0.088522,0.000886,1.300030,-1,-1,-1
0.214616,-0.088532,0.000887,1.300030,-1,-1,-1
0.214622,-0.088524,0.000890,1.300031,-1,-1,-1
0.214615,-0.088543,0.000893,1.300031,-1,-1,-1
0.214622,-0.088544,0.000895,1.300032,-1,-1,-1
0.214619,-0.088547,0.000897,1.300032,-1,-1,-1
0.214616,-0.088550,0.000900,1.300032,-1,-1,-1
0.214616,-0.088549,0.000902,1.300033,-1,-1,-1
0.214706,-0.088563,0.000904,1.300033,-1,-1,-1
0.217550,-0.088653,0.000907,1.300034,-1,-1,-1
0.224457,-0.089379,0.000909,1.300034,-1,-1,-1
0.234716,-0.091661,0.000911,1.300035,-1,-1,-1
0.253271,-0.097970,0.000914,1.300035,-1,-1,-1
0.274347,-0.106847,0.000916,1.300035,-1,-1,-1
0.300081,-0.120221,0.000919,1.300036,-1,-1,-1
0.327602,-0.136851,0.000921,1.300036,-1,-1,-1
0.349935,-0.151861,0.000923,1.300037,-1,-1,-1
0.383682,-0.177645,0.000926,1.300037,-1,-1,-1
0.401766,-0.193381,0.000928,1.300038,-1,-1,-1
0.410192,-0.201388,0.000931,1.300038,-1,-1,-1
0.414668,-0.205924,0.000933,1.300038,-1,-1,-1
0.415013,-0.206293,0.000935,1.300039,-1,-1,-1
0.409563,-0.199897,0.000938,1.300039,-1,-1,-1
0.402357,-0.190777,0.000940,1.300040,-1,-1,-1
0.387901,-0.171471,0.000943,1.300040,622,140,11
0.375361,-0.153116,0.000946,1.300041,608,138,13
0.360873,-0.130697,0.000948,1.300041,585,137,10
0.343576,-0.101418,0.000950,1.300041,561,136,11
0.327308,-0.071901,0.000953,1.300042,538,137,12
0.309179,-0.035885,0.000955,1.300042,524,135,12
0.295639,-0.006767,0.000957,1.300043,498,133,11
0.270632,0.056646,0.000960,1.300043,470,132,13
0.269948,0.100651,0.000962,1.300044,430,131,10
0.267798,0.149761,0.000964,1.300044,367,128,13
0.264740,0.197212,0.000967,1.300044,281,123,13
0.265212,0.224641,0.000969,1.300045,219,113,5
0.270316,0.263263,0.000972,1.300045,153,113,14
0.277109,0.289154,0.000974,1.300046,7,100,16
0.282210,0.305572,0.000976,1.300046,-1,-1,-1
0.288699,0.325053,0.000978,1.300046,-1,-1,-1
0.295202,0.342966,0.000981,1.300047,-1,-1,-1
0.299530,0.353970,0.000983,1.300047,-1,-1,-1
0.304444,0.365437,0.000985,1.300048,-1,-1,-1
0.310282,0.377551,0.000988,1.300048,-1,-1,-1
0.314009,0.384373,0.000990,1.300049,-1,-1,-1
0.317274,0.389665,0.000992,1.300049,-1,-1,-1
0.320120,0.393826,0.000995,1.300049,-1,-1,-1
0.326280,0.401699,0.000998,1.300050,-1,-1,-1
0.332043,0.408168,0.000999,1.300050,-1,-1,-1
0.348538,0.424212,0.001002,1.300051,-1,-1,-1
0.358400,0.432640,0.001004,1.300051,-1,-1,-1
0.382792,0.450788,0.001006,1.300051,-1,-1,-1
0.385197,0.456601,0.001009,1.300052,-1,-1,-1
0.385595,0.457909,0.001011,1.300052,-1,-1,-1
0.385839,0.458464,0.001014,1.300053,-1,-1,-1
0.385847,0.458522,0.001016,1.300053,-1,-1,-1
0.385840,0.458520,0.001019,1.300054,-1,-1,-1
0.385882,0.458566,0.001022,1.300054,-1,-1,-1
0.386041,0.458641,0.001023,1.300055,-1,-1,-1
0.386392,0.458792,0.001025,1.300055,-1,-1,-1
0.385722,0.458564,0.001028,1.300055,-1,-1,-1
0.377510,0.455487,0.001031,1.300056,-1,-1,-1
0.359431,0.448108,0.001033,1.300056,-1,-1,-1
0.343553,0.441258,0.001035,1.300057,-1,-1,-1
0.315371,0.428598,0.001038,1.300057,-1,-1,-1
0.285049,0.414671,0.001040,1.300058,-1,-1,-1
0.255213,0.400531,0.001042,1.300058,-1,-1,-1
0.205043,0.376417,0.001045,1.300058,-1,-1,-1
0.167820,0.358054,0.001047,1.300059,-1,-1,-1
0.118499,0.333702,0.001050,1.300059,-1,-1,-1
0.073265,0.311375,0.001052,1.300060,-1,-1,-1
0.025737,0.287912,0.001055,1.300060,-1,-1,-1
0.007996,0.286774,0.001056,1.300060,-1,-1,-1
-0.019658,0.296112,0.001060,1.300061,-1,-1,-1
-0.034797,0.298288,0.001061,1.300061,-1,-1,-1
-0.053025,0.298374,0.001064,1.300062,-1,-1,-1
-0.066801,0.296603,0.001066,1.300062,-1,-1,-1
-0.088476,0.290415,0.001069,1.300063,63,90,6
-0.101323,0.284338,0.001072,1.300063,149,98,16
-0.112993,0.276906,0.001075,1.300064,294,103,16
-0.114754,0.278334,0.001077,1.300064,335,104,14
-0.114735,0.278323,0.001079,1.300065,409,104,17
-0.114726,0.278271,0.001081,1.300065,411,104,16
-0.114710,0.278255,0.001084,1.300065,409,105,15
-0.114699,0.278197,0.001087,1.300066,411,104,17
-0.114687,0.278183,0.001088,1.300066,407,108,14
-0.114674,0.278131,0.001091,1.300067,408,105,14
-0.114665,0.278111,0.001093,1.300067,411,106,13
-0.114644,0.278063,0.001096,1.300068,406,103,15
-0.114640,0.278045,0.001097,1.300068,411,105,13
-0.114616,0.277996,0.001100,1.300068,407,103,15
-0.114617,0.277976,0.001102,1.300069,408,103,16
-0.114591,0.277927,0.001105,1.300069,408,106,14
-0.114588,0.277905,0.001108,1.300070,405,104,15
-0.114564,0.277854,0.001110,1.300070,405,107,14
-0.114568,0.277836,0.001112,1.300071,408,106,13
-0.114555,0.277831,0.001115,1.300071,401,104,14
-0.114570,0.276966,0.001117,1.300071,404,107,14
-0.114582,0.276957,0.001119,1.300072,400,103,16
-0.114565,0.277363,0.001122,1.300072,390,102,11
-0.114559,0.278223,0.001124,1.300073,396,106,13
-0.114560,0.281818,0.001127,1.300073,385,105,15
-0.114572,0.288636,0.001129,1.300074,389,104,15
-0.114592,0.299545,0.001131,1.300074,393,100,13
-0.114657,0.320780,0.001133,1.300074,394,104,14
-0.114790,0.350079,0.001136,1.300075,399,97,6
-0.114740,0.370740,0.001138,1.300075,401,94,15
-0.114826,0.406580,0.001141,1.300076,395,93,18
-0.114619,0.442781,0.001143,1.300076,403,89,17
-0.114198,0.485522,0.001145,1.300077,400,83,19
-0.114814,0.537847,0.001148,1.300077,404,75,19
-0.118186,0.585745,0.001150,1.300078,436,65,19
-0.124450,0.626403,0.001152,1.300078,470,56,23
-0.138115,0.680177,0.001155,1.300078,567,34,24
-0.153912,0.723481,0.001157,1.300079,561,39,20
-0.168651,0.755054,0.001159,1.300079,-1,-1,-1
-0.185557,0.785471,0.001161,1.300079,-1,-1,-1
-0.214864,0.830935,0.001164,1.300080,-1,-1,-1
-0.236830,0.860909,0.001167,1.300080,-1,-1,-1
-0.251723,0.878031,0.001169,1.300081,-1,-1,-1
-0.263437,0.888990,0.001171,1.300081,-1,-1,-1
-0.270531,0.894618,0.001173,1.300082,-1,-1,-1
-0.278071,0.900175,0.001175,1.300082,-1,-1,-1
-0.280736,0.902198,0.001177,1.300082,-1,-1,-1
-0.281674,0.903033,0.001181,1.300083,-1,-1,-1
-0.282278,0.903713,0.001183,1.300083,-1,-1,-1
-0.282618,0.904161,0.001185,1.300084,-1,-1,-1
-0.283077,0.904917,0.001188,1.300084,-1,-1,-1
-0.283448,0.905722,0.001190,1.300085,-1,-1,-1
-0.283735,0.906550,0.001192,1.300085,-1,-1,-1
-0.284016,0.907664,0.001194,1.300086,-1,-1,-1
-0.284169,0.908641,0.001197,1.300086,-1,-1,-1
-0.284213,0.909308,0.001199,1.300086,-1,-1,-1
-0.284462,0.907687,0.001202,1.300087,-1,-1,-1
-0.285531,0.901053,0.001204,1.300087,-1,-1,-1
-0.290545,0.879789,0.001206,1.300088,-1,-1,-1
-0.299102,0.851493,0.001209,1.300088,-1,-1,-1
-0.313826,0.811602,0.001212,1.300089,465,5,17
-0.323846,0.788197,0.001214,1.300089,407,5,28
-0.340954,0.751325,0.001216,1.300090,379,18,24
-0.362585,0.709673,0.001219,1.300090,364,23,22
-0.371847,0.689346,0.001221,1.300090,324,37,23
-0.371502,0.689075,0.001224,1.300091,322,45,20
-0.371502,0.689070,0.001226,1.300091,306,46,20
-0.371517,0.689084,0.001228,1.300092,302,53,21
-0.371514,0.689077,0.001231,1.300092,304,45,20
-0.371520,0.689085,0.001233,1.300093,301,50,24
-0.371522,0.689081,0.001236,1.300093,305,46,20
-0.371532,0.689091,0.001238,1.300093,304,48,23
-0.371522,0.689080,0.001240,1.300094,306,53,21
-0.371543,0.689098,0.001243,1.300094,304,48,22
-0.371528,0.689083,0.001245,1.300095,304,45,20
-0.371547,0.689099,0.001248,1.300095,301,50,24
-0.371538,0.689088,0.001251,1.300096,303,50,22
-0.371558,0.689104,0.001252,1.300096,307,52,21
-0.371533,0.689086,0.001254,1.300097,307,54,19
-0.371566,0.689110,0.001257,1.300097,303,48,22
-0.371545,0.689093,0.001260,1.300097,302,50,23
-0.371571,0.689113,0.001262,1.300098,302,51,22
-0.371546,0.689093,0.001264,1.300098,302,53,21
-0.371578,0.689115,0.001267,1.300099,307,54,19
-0.371557,0.689102,0.001269,1.300099,300,50,19
-0.371581,0.689116,0.001271,1.300100,303,48,22
-0.371559,0.689101,0.001274,1.300100,305,46,20
-0.371584,0.689117,0.001276,1.300100,303,51,23
-0.371578,0.689116,0.001278,1.300101,306,51,21
-0.371583,0.689116,0.001281,1.300101,307,54,19
-0.371587,0.689122,0.001283,1.300102,302,47,21
-0.371593,0.689121,0.001286,1.300102,302,50,23
-0.371588,0.689119,0.001288,1.300103,303,51,23
-0.371594,0.689121,0.001290,1.300103,307,50,21
-0.371605,0.689131,0.001293,1.300104,304,49,23
-0.371604,0.689127,0.001295,1.300104,304,45,19
-0.371607,0.689132,0.001298,1.300104,306,49,23
-0.371609,0.689129,0.001300,1.300105,307,47,21
-0.371625,0.689143,0.001302,1.300105,302,53,21
-0.371613,0.689130,0.001304,1.300106,302,49,24
-0.371629,0.689145,0.001307,1.300106,307,52,20
-0.371622,0.689136,0.001310,1.300107,307,48,25
-0.371642,0.689153,0.001312,1.300107,301,54,20
-0.371627,0.689138,0.001314,1.300108,306,51,23
-0.371649,0.689156,0.001316,1.300108,303,47,22
-0.371624,0.689135,0.001319,1.300108,304,45,20
-0.371652,0.689157,0.001322,1.300109,305,54,20
-0.371640,0.689144,0.001324,1.300109,304,45,20
-0.371662,0.689162,0.001326,1.300110,302,47,21
-0.371634,0.689141,0.001328,1.300110,302,47,21
-0.371670,0.689166,0.001331,1.300111,305,44,18
-0.371638,0.689142,0.001333,1.300111,301,51,21
-0.371648,0.689146,0.001335,1.300111,307,47,19
-0.371672,0.689167,0.001338,1.300112,307,52,21
-0.371668,0.689178,0.001340,1.300112,301,54,20
-0.371241,0.689877,0.001343,1.300113,304,45,19
-0.367908,0.694619,0.001345,1.300113,296,50,24
-0.361998,0.702121,0.001347,1.300114,237,47,23
-0.348106,0.718172,0.001350,1.300114,162,45,27
-0.339112,0.727639,0.001352,1.300114,144,38,23
-0.317372,0.747117,0.001355,1.300115,116,25,12
-0.299938,0.760722,0.001357,1.300115,9,18,21
-0.276633,0.776604,0.001359,1.300116,-1,-1,-1
-0.248190,0.792720,0.001361,1.300116,-1,-1,-1
-0.211746,0.809915,0.001363,1.300117,-1,-1,-1
-0.156084,0.829123,0.001366,1.300117,-1,-1,-1
-0.122747,0.837340,0.001368,1.300117,-1,-1,-1
-0.057871,0.846966,0.001371,1.300118,-1,-1,-1
-0.001917,0.848430,0.001374,1.300119,361,356,20
0.045300,0.845700,0.001376,1.300119,-1,-1,-1
0.094463,0.837386,0.001378,1.300119,-1,-1,-1
0.149494,0.822790,0.001381,1.300120,166,347,13
0.191325,0.806874,0.001383,1.300120,18,411,21
0.241174,0.781482,0.001386,1.300121,-1,-1,-1
0.267082,0.765402,0.001387,1.300121,-1,-1,-1
0.316142,0.729182,0.001390,1.300122,-1,-1,-1
0.342717,0.704670,0.001392,1.300122,-1,-1,-1
0.380512,0.664898,0.001394,1.300122,-1,-1,-1
0.404000,0.633507,0.001397,1.300123,-1,-1,-1
0.403769,0.634053,0.001399,1.300123,-1,-1,-1
0.403585,0.634452,0.001401,1.300124,-1,-1,-1
0.403575,0.634453,0.001404,1.300124,-1,-1,-1
0.403590,0.634456,0.001406,1.300125,-1,-1,-1
0.403582,0.634460,0.001409,1.300125,-1,-1,-1
0.403596,0.634463,0.001411,1.300125,-1,-1,-1
0.403599,0.634467,0.001413,1.300126,-1,-1,-1
0.403600,0.634468,0.001416,1.300126,-1,-1,-1
0.403616,0.634481,0.001418,1.300127,-1,-1,-1
0.403615,0.634480,0.001420,1.300127,-1,-1,-1
0.403622,0.634485,0.001423,1.300128,-1,-1,-1
0.403623,0.634485,0.001425,1.300128,-1,-1,-1
0.403622,0.634484,0.001428,1.300129,-1,-1,-1
0.403625,0.634487,0.001430,1.300129,-1,-1,-1
0.403460,0.634803,0.001433,1.300129,-1,-1,-1
0.401538,0.638413,0.001435,1.300130,-1,-1,-1
0.397355,0.648136,0.001437,1.300130,-1,-1,-1
0.391175,0.667669,0.001440,1.300131,-1,-1,-1
0.387417,0.687036,0.001442,1.300131,-1,-1,-1
0.385460,0.711688,0.001444,1.300132,-1,-1,-1
0.385523,0.740849,0.001446,1.300132,-1,-1,-1
0.389189,0.778766,0.001449,1.300132,-1,-1,-1
0.398240,0.827864,0.001451,1.300133,-1,-1,-1
0.409260,0.873226,0.001454,1.300133,-1,-1,-1
0.422713,0.926484,0.001456,1.300134,-1,-1,-1
0.434590,0.973493,0.001459,1.300134,-1,-1,-1
0.447046,1.022907,0.001461,1.300135,-1,-1,-1
0.441029,1.048926,0.001463,1.300135,-1,-1,-1
0.430717,1.068074,0.001466,1.300136,-1,-1,-1
0.425755,1.084006,0.001468,1.300136,-1,-1,-1
0.420877,1.094436,0.001470,1.300137,-1,-1,-1
0.417404,1.095152,0.001473,1.300137,-1,-1,-1
0.418009,1.095332,0.001475,1.300137,-1,-1,-1
0.418050,1.095323,0.001477,1.300138,-1,-1,-1
0.418562,1.095480,0.001480,1.300138,-1,-1,-1
0.418617,1.095468,0.001482,1.300139,-1,-1,-1
0.419125,1.095658,0.001485,1.300139,-1,-1,-1
0.419200,1.095642,0.001487,1.300140,-1,-1,-1
0.419617,1.095994,0.001489,1.300140,-1,-1,-1
0.420583,1.096138,0.001492,1.300141,-1,-1,-1
0.420562,1.096136,0.001494,1.300141,-1,-1,-1
0.420262,1.095839,0.001496,1.300141,-1,-1,-1
0.418882,1.094511,0.001498,1.300142,-1,-1,-1
0.411413,1.087932,0.001501,1.300142,-1,-1,-1
0.402026,1.080430,0.001503,1.300143,-1,-1,-1
0.385023,1.067681,0.001506,1.300143,-1,-1,-1
0.367628,1.055041,0.001508,1.300144,-1,-1,-1
0.338730,1.035845,0.001511,1.300144,-1,-1,-1
0.309741,1.017759,0.001513,1.300145,-1,-1,-1
0.282175,1.001856,0.001516,1.300145,-1,-1,-1
0.244850,0.982009,0.001518,1.300145,-1,-1,-1
0.198056,0.959282,0.001521,1.300146,-1,-1,-1
0.152448,0.941109,0.001523,1.300146,-1,-1,-1
0.087318,0.923012,0.001526,1.300147,-1,-1,-1
0.041428,0.915942,0.001528,1.300147,-1,-1,-1
-0.007344,0.913760,0.001531,1.300148,-1,-1,-1
-0.037722,0.914548,0.001533,1.300148,-1,-1,-1
-0.068311,0.917285,0.001535,1.300149,-1,-1,-1
-0.103401,0.922821,0.001538,1.300149,-1,-1,-1
-0.135749,0.930576,0.001541,1.300150,-1,-1,-1
-0.154076,0.936013,0.001542,1.300150,-1,-1,-1
-0.184239,0.947128,0.001545,1.300151,-1,-1,-1
-0.198538,0.954101,0.001547,1.300151,-1,-1,-1
-0.212158,0.963125,0.001549,1.300151,-1,-1,-1
-0.220331,0.970515,0.001551,1.300152,-1,-1,-1
-0.225338,0.976096,0.001553,1.300152,-1,-1,-1
-0.228688,0.980429,0.001556,1.300153,-1,-1,-1
-0.229016,0.980881,0.001559,1.300153,-1,-1,-1
-0.228998,0.980854,0.001561,1.300153,-1,-1,-1
-0.228973,0.980816,0.001563,1.300154,-1,-1,-1
-0.228638,0.980296,0.001565,1.300154,-1,-1,-1
-0.225932,0.975728,0.001568,1.300155,-1,-1,-1
-0.221222,0.966561,0.001570,1.300155,-1,-1,-1
-0.216107,0.954530,0.001573,1.300156,-1,-1,-1
-0.209833,0.934976,0.001575,1.300156,-1,-1,-1
-0.203208,0.907728,0.001578,1.300157,-1,-1,-1
-0.195576,0.872158,0.001581,1.300157,-1,-1,-1
-0.190380,0.847040,0.001583,1.300158,-1,-1,-1
-0.184337,0.817807,0.001585,1.300158,-1,-1,-1
-0.176890,0.781742,0.001588,1.300159,-1,-1,-1
-0.173676,0.766160,0.001590,1.300159,-1,-1,-1
-0.165755,0.727708,0.001593,1.300160,-1,-1,-1
-0.159138,0.695591,0.001595,1.300160,-1,-1,-1
-0.154582,0.673418,0.001597,1.300160,639,17,13
-0.147879,0.640776,0.001600,1.300161,638,18,27
-0.142530,0.614716,0.001602,1.300161,621,21,21
-0.135783,0.581815,0.001605,1.300162,613,32,24
-0.128869,0.548035,0.001607,1.300162,604,41,26
-0.123069,0.519669,0.001610,1.300163,590,44,26
-0.118392,0.496800,0.001612,1.300163,587,51,18
-0.112215,0.466536,0.001614,1.300164,569,64,19
-0.108386,0.447760,0.001616,1.300164,559,68,20
-0.099124,0.402297,0.001619,1.300165,557,75,19
-0.093608,0.375198,0.001622,1.300165,550,79,17
-0.087797,0.346604,0.001624,1.300166,541,82,19
-0.081626,0.316205,0.001627,1.300166,532,93,13
-0.076335,0.290152,0.001629,1.300166,529,91,18
-0.065429,0.282495,0.001631,1.300167,517,97,17
-0.058965,0.278151,0.001634,1.300167,457,97,12
-0.059021,0.278117,0.001636,1.300168,418,108,11
-0.059181,0.277817,0.001638,1.300168,348,101,14
-0.059209,0.277797,0.001641,1.300169,353,103,16
-0.059220,0.277787,0.001643,1.300169,350,105,13
-0.059283,0.277607,0.001646,1.300170,356,104,15
-0.059321,0.277583,0.001648,1.300170,354,100,5
-0.059334,0.277558,0.001650,1.300170,355,103,16
-0.059336,0.277549,0.001652,1.300171,356,103,15
-0.059368,0.277486,0.001654,1.300171,354,106,12
-0.059412,0.277462,0.001657,1.300172,358,104,16
-0.059422,0.277456,0.001660,1.300172,355,106,13
-0.059452,0.277424,0.001662,1.300173,358,107,14
-0.059496,0.277405,0.001664,1.300173,360,101,13
-0.059505,0.277400,0.001666,1.300174,360,105,16
-0.059504,0.277476,0.001669,1.300174,357,103,13
-0.059497,0.278843,0.001671,1.300175,361,101,11
-0.059431,0.280980,0.001674,1.300175,351,105,16
-0.059261,0.283505,0.001676,1.300175,324,108,11
-0.059032,0.285682,0.001679,1.300176,307,104,14
-0.058721,0.287853,0.001681,1.300176,274,105,15
-0.057639,0.292947,0.001684,1.300177,269,106,12
-0.055883,0.299187,0.001686,1.300177,194,104,14
-0.051920,0.310690,0.001688,1.300178,141,98,17
-0.046254,0.324732,0.001690,1.300178,114,97,14
-0.037083,0.344673,0.001693,1.300179,52,90,18
-0.021925,0.372897,0.001696,1.300179,7,82,6
-0.010501,0.390486,0.001697,1.300179,-1,-1,-1
0.004111,0.410667,0.001699,1.300180,-1,-1,-1
0.026358,0.437876,0.001702,1.300180,-1,-1,-1
0.048693,0.461737,0.001705,1.300181,-1,-1,-1
0.062962,0.475462,0.001706,1.300181,-1,-1,-1
0.087680,0.496890,0.001709,1.300182,-1,-1,-1
0.114280,0.517083,0.001712,1.300182,424,363,19
0.136424,0.532004,0.001714,1.300183,-1,-1,-1
0.162990,0.547721,0.001716,1.300183,352,374,22
0.189748,0.561420,0.001719,1.300184,-1,-1,-1
0.219460,0.574401,0.001721,1.300184,258,384,18
0.251059,0.585862,0.001724,1.300185,213,369,8
0.276982,0.593529,0.001726,1.300185,162,365,20
0.310291,0.601234,0.001729,1.300185,93,420,17
0.335460,0.605530,0.001731,1.300186,22,430,10
0.368944,0.609270,0.001733,1.300186,-1,-1,-1
0.383328,0.610188,0.001735,1.300187,-1,-1,-1
0.391897,0.615728,0.001737,1.300187,-1,-1,-1
0.392689,0.617999,0.001740,1.300188,-1,-1,-1
0.392777,0.618165,0.001742,1.300188,-1,-1,-1
0.392789,0.618162,0.001744,1.300188,-1,-1,-1
0.392792,0.618169,0.001747,1.300189,-1,-1,-1
0.392793,0.618169,0.001749,1.300189,-1,-1,-1
0.392787,0.618161,0.001751,1.300190,-1,-1,-1
0.392800,0.618183,0.001754,1.300190,-1,-1,-1
0.392801,0.618182,0.001756,1.300191,-1,-1,-1
0.392791,0.618182,0.001758,1.300191,-1,-1,-1
0.392807,0.618203,0.001761,1.300192,-1,-1,-1
0.392808,0.618203,0.001764,1.300192,-1,-1,-1
0.392808,0.618201,0.001766,1.300193,-1,-1,-1
0.392802,0.618204,0.001768,1.300193,-1,-1,-1
0.392815,0.618227,0.001770,1.300193,-1,-1,-1
0.392816,0.618226,0.001773,1.300194,-1,-1,-1
0.392806,0.618227,0.001775,1.300194,-1,-1,-1
0.392822,0.618247,0.001778,1.300195,-1,-1,-1
0.392823,0.618247,0.001780,1.300195,-1,-1,-1
0.392823,0.618246,0.001782,1.300196,-1,-1,-1
0.392818,0.618244,0.001785,1.300196,-1,-1,-1
0.392829,0.618264,0.001787,1.300197,-1,-1,-1
0.392829,0.618265,0.001789,1.300197,-1,-1,-1
0.392053,0.618559,0.001791,1.300198,-1,-1,-1
0.384802,0.621132,0.001794,1.300198,-1,-1,-1
0.370127,0.625897,0.001797,1.300199,-1,-1,-1
0.356692,0.629655,0.001799,1.300199,-1,-1,-1
0.336692,0.634561,0.001801,1.300199,-1,-1,-1
0.306756,0.641085,0.001804,1.300200,-1,-1,-1
0.278389,0.647049,0.001806,1.300200,-1,-1,-1
0.255279,0.651842,0.001809,1.300201,-1,-1,-1
0.236503,0.655521,0.001811,1.300201,-1,-1,-1
0.228329,0.656980,0.001814,1.300202,-1,-1,-1
0.227850,0.657075,0.001816,1.300202,-1,-1,-1
0.228186,0.657004,0.001818,1.300203,-1,-1,-1
0.228771,0.656845,0.001821,1.300203,-1,-1,-1
0.229268,0.656675,0.001823,1.300204,-1,-1,-1
0.229784,0.656461,0.001826,1.300204,-1,-1,-1
0.230253,0.656232,0.001828,1.300205,-1,-1,-1
0.230795,0.655926,0.001830,1.300205,-1,-1,-1
0.231507,0.655451,0.001833,1.300206,-1,-1,-1
0.232071,0.655028,0.001836,1.300206,-1,-1,-1
0.232591,0.654582,0.001838,1.300207,-1,-1,-1
0.233718,0.653503,0.001840,1.300207,-1,-1,-1
0.236063,0.651152,0.001843,1.300207,-1,-1,-1
0.238460,0.648631,0.001844,1.300208,-1,-1,-1
0.247132,0.638559,0.001847,1.300208,-1,-1,-1
0.255573,0.627802,0.001849,1.300209,-1,-1,-1
0.265806,0.613824,0.001851,1.300209,-1,-1,-1
0.277754,0.596164,0.001854,1.300210,-1,-1,-1
0.284825,0.585496,0.001856,1.300210,-1,-1,-1
0.292786,0.573461,0.001859,1.300210,-1,-1,-1
0.304993,0.555026,0.001861,1.300211,333,351,9
0.321628,0.530639,0.001864,1.300212,-1,-1,-1
0.335204,0.511052,0.001866,1.300212,-1,-1,-1
0.341171,0.486631,0.001869,1.300212,350,347,13
0.345903,0.467232,0.001871,1.300213,419,378,20
0.354073,0.445741,0.001874,1.300213,-1,-1,-1
0.362849,0.434054,0.001876,1.300214,545,361,15
0.372745,0.426322,0.001878,1.300214,-1,-1,-1
0.382589,0.418150,0.001880,1.300215,-1,-1,-1
0.394546,0.410979,0.001883,1.300215,-1,-1,-1
0.400339,0.408675,0.001885,1.300216,-1,-1,-1
0.407430,0.408169,0.001888,1.300216,-1,-1,-1
0.411079,0.408154,0.001889,1.300216,-1,-1,-1
0.414400,0.409148,0.001892,1.300217,-1,-1,-1
0.415376,0.409830,0.001895,1.300217,-1,-1,-1
0.415893,0.410200,0.001897,1.300218,-1,-1,-1
0.415896,0.410208,0.001900,1.300218,-1,-1,-1
0.415896,0.410208,0.001901,1.300219,-1,-1,-1
0.415928,0.410197,0.001904,1.300219,-1,-1,-1
0.415929,0.410199,0.001906,1.300220,-1,-1,-1
0.415928,0.410203,0.001909,1.300220,-1,-1,-1
0.415926,0.410198,0.001911,1.300221,-1,-1,-1
0.415961,0.410203,0.001913,1.300221,-1,-1,-1
0.415948,0.410195,0.001916,1.300222,-1,-1,-1
0.415553,0.409889,0.001918,1.300222,-1,-1,-1
0.413893,0.408589,0.001921,1.300223,-1,-1,-1
0.408955,0.404795,0.001923,1.300223,-1,-1,-1
0.397683,0.396602,0.001925,1.300223,-1,-1,-1
0.376604,0.382032,0.001928,1.300224,-1,-1,-1
0.361378,0.371807,0.001930,1.300224,-1,-1,-1
0.337657,0.356482,0.001932,1.300225,-1,-1,-1
0.314274,0.341467,0.001935,1.300225,-1,-1,-1
0.287514,0.324285,0.001937,1.300226,-1,-1,-1
0.267430,0.311393,0.001939,1.300226,-1,-1,-1
0.241069,0.294498,0.001942,1.300227,-1,-1,-1
0.225296,0.286190,0.001945,1.300227,-1,-1,-1
0.222933,0.286934,0.001947,1.300228,-1,-1,-1
0.223497,0.287326,0.001949,1.300228,-1,-1,-1
0.225760,0.288757,0.001952,1.300229,-1,-1,-1
0.227114,0.289544,0.001954,1.300229,-1,-1,-1
0.228403,0.290238,0.001956,1.300230,-1,-1,-1
0.228940,0.290503,0.001959,1.300230,-1,-1,-1
0.229436,0.290715,0.001961,1.300230,-1,-1,-1
0.230099,0.290949,0.001964,1.300231,-1,-1,-1
0.230566,0.291082,0.001966,1.300231,-1,-1,-1
0.231138,0.291211,0.001968,1.300232,-1,-1,-1
0.231755,0.291311,0.001971,1.300232,-1,-1,-1
0.232287,0.291365,0.001973,1.300233,-1,-1,-1
0.232787,0.291389,0.001975,1.300233,-1,-1,-1
0.234238,0.291354,0.001978,1.300234,-1,-1,-1
0.241026,0.291131,0.001980,1.300234,-1,-1,-1
0.250966,0.290988,0.001982,1.300235,-1,-1,-1
0.265272,0.291412,0.001985,1.300235,-1,-1,-1
0.284798,0.292240,0.001987,1.300236,-1,-1,-1
0.315321,0.293458,0.001990,1.300236,-1,-1,-1
0.341272,0.294917,0.001992,1.300236,-1,-1,-1
0.375104,0.296991,0.001995,1.300237,-1,-1,-1
0.391916,0.298014,0.001996,1.300237,-1,-1,-1
0.429905,0.300323,0.001999,1.300238,-1,-1,-1
0.460521,0.302225,0.002002,1.300238,-1,-1,-1
0.486152,0.303811,0.002004,1.300239,-1,-1,-1
0.517130,0.305712,0.002006,1.300239,-1,-1,-1
0.547126,0.307581,0.002009,1.300240,-1,-1,-1
0.563016,0.308583,0.002010,1.300240,-1,-1,-1
0.599855,0.310889,0.002013,1.300241,-1,-1,-1
0.630489,0.312797,0.002015,1.300241,-1,-1,-1
0.657859,0.314536,0.002018,1.300241,-1,-1,-1
0.689068,0.316520,0.002020,1.300242,-1,-1,-1
0.717386,0.318306,0.002022,1.300242,-1,-1,-1
0.745062,0.319802,0.002025,1.300243,-1,-1,-1
0.765365,0.320282,0.002027,1.300243,-1,-1,-1
0.781222,0.320533,0.002029,1.300244,-1,-1,-1
0.796768,0.321413,0.002032,1.300244,-1,-1,-1
0.807458,0.323314,0.002035,1.300245,-1,-1,-1
0.811287,0.324418,0.002036,1.300245,-1,-1,-1
0.818708,0.327254,0.002039,1.300246,-1,-1,-1
0.823456,0.329602,0.002041,1.300246,-1,-1,-1
0.827917,0.332238,0.002044,1.300247,-1,-1,-1
0.830699,0.334121,0.002046,1.300247,-1,-1,-1
0.832485,0.335436,0.002048,1.300248,-1,-1,-1
0.833983,0.336609,0.002051,1.300248,-1,-1,-1
0.834854,0.337325,0.002053,1.300249,-1,-1,-1
0.834963,0.337417,0.002055,1.300249,-1,-1,-1
0.834945,0.337405,0.002058,1.300249,-1,-1,-1
0.834924,0.337390,0.002061,1.300250,-1,-1,-1
0.834905,0.337378,0.002063,1.300250,-1,-1,-1
0.834889,0.337366,0.002065,1.300251,-1,-1,-1
0.834871,0.337354,0.002067,1.300251,-1,-1,-1
0.834848,0.337338,0.002070,1.300252,-1,-1,-1
0.834830,0.337326,0.002072,1.300252,-1,-1,-1
0.834811,0.337313,0.002075,1.300253,-1,-1,-1
0.834792,0.337299,0.002077,1.300253,-1,-1,-1
0.834772,0.337285,0.002080,1.300254,-1,-1,-1
0.834754,0.337273,0.002082,1.300254,-1,-1,-1
0.834735,0.337260,0.002084,1.300255,-1,-1,-1
0.834676,0.337211,0.002086,1.300255,-1,-1,-1
0.832419,0.335191,0.002090,1.300256,-1,-1,-1
0.831111,0.333932,0.002092,1.300256,-1,-1,-1
0.829989,0.332783,0.002094,1.300256,-1,-1,-1
0.829429,0.332136,0.002096,1.300257,-1,-1,-1
0.829237,0.331885,0.002098,1.300257,-1,-1,-1
0.828894,0.331381,0.002101,1.300258,-1,-1,-1
0.828859,0.331303,0.002103,1.300258,-1,-1,-1
0.828718,0.331018,0.002105,1.300259,-1,-1,-1
0.828501,0.330526,0.002108,1.300259,-1,-1,-1
0.828352,0.330126,0.002110,1.300260,-1,-1,-1
0.828182,0.329572,0.002113,1.300260,-1,-1,-1
0.828072,0.329112,0.002115,1.300261,-1,-1,-1
0.827991,0.328666,0.002118,1.300261,-1,-1,-1
0.827931,0.328170,0.002120,1.300262,-1,-1,-1
0.827902,0.327679,0.002122,1.300262,66,359,29
0.827904,0.327102,0.002125,1.300263,100,378,6
0.827928,0.326704,0.002127,1.300263,147,375,8
0.827993,0.326152,0.002130,1.300264,188,388,8
0.828069,0.325718,0.002132,1.300264,228,363,17
0.828223,0.325076,0.002135,1.300265,268,396,17
0.828383,0.324560,0.002137,1.300265,319,371,5
0.828678,0.323784,0.002140,1.300266,373,384,8
0.829000,0.323047,0.002142,1.300266,406,372,5
0.829570,0.321906,0.002145,1.300267,466,364,14
0.829823,0.321480,0.002147,1.300267,508,391,11
0.830232,0.320827,0.002149,1.300267,540,360,22
0.830363,0.320602,0.002151,1.300268,570,377,10
0.830067,0.321103,0.002154,1.300269,558,398,10
0.829821,0.321596,0.002156,1.300269,513,349,37
0.829384,0.322612,0.002159,1.300269,475,357,23
0.829223,0.322982,0.002161,1.300270,427,360,22
0.830229,0.319717,0.002163,1.300270,395,362,16
0.834902,0.304248,0.002166,1.300271,376,347,33
0.838787,0.289646,0.002168,1.300271,359,381,9
0.843382,0.266010,0.002171,1.300272,368,346,26
0.845838,0.250684,0.002172,1.300272,-1,-1,-1
0.849324,0.228263,0.002174,1.300272,262,371,8
0.853803,0.199432,0.002177,1.300273,-1,-1,-1
0.858747,0.167370,0.002179,1.300273,-1,-1,-1
0.863834,0.134416,0.002182,1.300274,-1,-1,-1
0.868436,0.104664,0.002184,1.300274,269,343,6
0.872287,0.079619,0.002186,1.300275,-1,-1,-1
0.877961,0.042597,0.002189,1.300275,-1,-1,-1
0.882004,0.016319,0.002192,1.300276,-1,-1,-1
0.886783,-0.014843,0.002194,1.300276,-1,-1,-1
0.891312,-0.044577,0.002196,1.300277,-1,-1,-1
0.896530,-0.078722,0.002199,1.300277,-1,-1,-1
0.900892,-0.107273,0.002202,1.300278,-1,-1,-1
0.904035,-0.127982,0.002203,1.300278,-1,-1,-1
0.908145,-0.155910,0.002206,1.300279,-1,-1,-1
0.910411,-0.175885,0.002208,1.300279,-1,-1,-1
0.911081,-0.184038,0.002211,1.300280,-1,-1,-1
0.911341,-0.187328,0.002213,1.300280,-1,-1,-1
0.911412,-0.187793,0.002215,1.300281,-1,-1,-1
0.911545,-0.188412,0.002218,1.300281,-1,-1,-1
0.911630,-0.188775,0.002221,1.300282,-1,-1,-1
0.911526,-0.188349,0.002223,1.300282,-1,-1,-1
0.911445,-0.187908,0.002225,1.300283,-1,-1,-1
0.911396,-0.187555,0.002227,1.300283,-1,-1,-1
0.911340,-0.186846,0.002230,1.300284,-1,-1,-1
0.911334,-0.186480,0.002232,1.300284,-1,-1,-1
0.911351,-0.185951,0.002234,1.300284,-1,-1,-1
0.911390,-0.185499,0.002236,1.300285,-1,-1,-1
0.911466,-0.184973,0.002238,1.300285,-1,-1,-1
0.911271,-0.185620,0.002241,1.300286,-1,-1,-1
0.910895,-0.187120,0.002244,1.300286,-1,-1,-1
0.910794,-0.187739,0.002246,1.300287,-1,-1,-1
0.910741,-0.188299,0.002249,1.300287,-1,-1,-1
0.910723,-0.188800,0.002251,1.300288,-1,-1,-1
0.910728,-0.189187,0.002253,1.300288,-1,-1,-1
0.910764,-0.189745,0.002255,1.300289,-1,-1,-1
0.910866,-0.190492,0.002259,1.300289,-1,-1,-1
0.910979,-0.191031,0.002261,1.300290,-1,-1,-1
0.911121,-0.191550,0.002263,1.300290,-1,-1,-1
0.911293,-0.192057,0.002266,1.300291,-1,-1,-1
0.911479,-0.192513,0.002268,1.300291,-1,-1,-1
0.911679,-0.192939,0.002270,1.300292,-1,-1,-1
0.911972,-0.193466,0.002273,1.300292,-1,-1,-1
0.912121,-0.193681,0.002275,1.300293,-1,-1,-1
0.912267,-0.193888,0.002277,1.300293,-1,-1,-1
0.911799,-0.193262,0.002279,1.300294,-1,-1,-1
0.910048,-0.191018,0.002282,1.300294,-1,-1,-1
0.904903,-0.185050,0.002285,1.300295,-1,-1,-1
0.896732,-0.176616,0.002287,1.300295,-1,-1,-1
0.883158,-0.163630,0.002289,1.300295,-1,-1,-1
0.865774,-0.147971,0.002292,1.300296,-1,-1,-1
0.844567,-0.130650,0.002294,1.300297,-1,-1,-1
0.829778,-0.118911,0.002296,1.300297,-1,-1,-1
0.802117,-0.096908,0.002299,1.300297,-1,-1,-1
0.777647,-0.077446,0.002301,1.300298,-1,-1,-1
0.757668,-0.061658,0.002304,1.300298,-1,-1,-1
0.741719,-0.049830,0.002306,1.300299,-1,-1,-1
0.732234,-0.043792,0.002308,1.300299,-1,-1,-1
0.720824,-0.038054,0.002310,1.300300,-1,-1,-1
0.709220,-0.033680,0.002313,1.300300,-1,-1,-1
0.703145,-0.031857,0.002315,1.300301,-1,-1,-1
0.696696,-0.030176,0.002317,1.300301,-1,-1,-1
0.693517,-0.029362,0.002320,1.300302,-1,-1,-1
0.693058,-0.029238,0.002323,1.300302,-1,-1,-1
0.692895,-0.029190,0.002325,1.300303,-1,-1,-1
0.692631,-0.029087,0.002327,1.300303,-1,-1,-1
0.691998,-0.028788,0.002330,1.300304,-1,-1,-1
0.691591,-0.028562,0.002332,1.300304,-1,-1,-1
0.691235,-0.028339,0.002334,1.300305,-1,-1,-1
0.690802,-0.028033,0.002337,1.300305,-1,-1,-1
0.690403,-0.027711,0.002339,1.300306,-1,-1,-1
0.689939,-0.027284,0.002342,1.300306,-1,-1,-1
0.689531,-0.026849,0.002345,1.300307,-1,-1,-1
0.689283,-0.026551,0.002347,1.300307,-1,-1,-1
0.688966,-0.026126,0.002349,1.300308,-1,-1,-1
0.688770,-0.025846,0.002352,1.300308,-1,-1,-1
0.688782,-0.025871,0.002354,1.300309,-1,-1,-1
0.688785,-0.025877,0.002356,1.300309,-1,-1,-1
0.688787,-0.025884,0.002359,1.300310,-1,-1,-1
0.688788,-0.025887,0.002361,1.300310,-1,-1,-1
0.688789,-0.025895,0.002364,1.300311,-1,-1,-1
0.688790,-0.025899,0.002366,1.300311,-1,-1,-1
0.688791,-0.025904,0.002368,1.300311,-1,-1,-1
0.688792,-0.025909,0.002371,1.300312,-1,-1,-1
0.688793,-0.025913,0.002373,1.300312,-1,-1,-1
0.688793,-0.025916,0.002375,1.300313,-1,-1,-1
0.688794,-0.025922,0.002378,1.300313,-1,-1,-1
0.688795,-0.025927,0.002380,1.300314,-1,-1,-1
0.688796,-0.025931,0.002382,1.300314,-1,-1,-1
0.689019,-0.026310,0.002385,1.300315,-1,-1,-1
0.689380,-0.026830,0.002388,1.300315,-1,-1,-1
0.689674,-0.027202,0.002390,1.300316,-1,-1,-1
0.689984,-0.027557,0.002392,1.300316,-1,-1,-1
0.690440,-0.028018,0.002395,1.300317,-1,-1,-1
0.689257,-0.026929,0.002397,1.300317,-1,-1,-1
0.683873,-0.022392,0.002399,1.300318,-1,-1,-1
0.673698,-0.014523,0.002401,1.300318,-1,-1,-1
0.664663,-0.008217,0.002404,1.300319,-1,-1,-1
0.658240,-0.004316,0.002406,1.300319,-1,-1,-1
0.651975,-0.000843,0.002408,1.300320,-1,-1,-1
0.646117,0.002189,0.002411,1.300320,-1,-1,-1
0.641999,0.004246,0.002413,1.300320,-1,-1,-1
0.639095,0.005705,0.002415,1.300321,-1,-1,-1
0.637199,0.006710,0.002418,1.300322,-1,-1,-1
0.636860,0.006908,0.002420,1.300322,-1,-1,-1
0.636341,0.007247,0.002422,1.300322,-1,-1,-1
0.635913,0.007559,0.002425,1.300323,-1,-1,-1
0.635779,0.007661,0.002427,1.300323,-1,-1,-1
0.635383,0.008037,0.002430,1.300324,605,131,5
0.635062,0.008387,0.002433,1.300324,551,138,11
0.634748,0.008769,0.002435,1.300325,507,137,12
0.634534,0.009059,0.002437,1.300325,476,137,11
0.634173,0.009614,0.002440,1.300326,420,141,9
0.633875,0.010159,0.002443,1.300327,386,139,11
0.633691,0.010553,0.002445,1.300327,353,138,5
0.633500,0.011030,0.002447,1.300328,294,139,11
0.633372,0.011405,0.002449,1.300328,264,137,7
0.633227,0.011926,0.002452,1.300328,220,140,13
0.633114,0.012456,0.002454,1.300329,200,140,19
0.633036,0.012981,0.002457,1.300329,122,136,9
0.632992,0.013464,0.002459,1.300330,-1,-1,-1
0.632970,0.013941,0.002461,1.300330,-1,-1,-1
0.632944,0.013997,0.002463,1.300331,-1,-1,-1
0.632932,0.013805,0.002465,1.300331,-1,-1,-1
0.632923,0.013774,0.002468,1.300332,-1,-1,-1
0.632906,0.013188,0.002470,1.300332,-1,-1,-1
0.632927,0.012680,0.002472,1.300333,-1,-1,-1
0.632995,0.012035,0.002475,1.300333,-1,-1,-1
0.633087,0.011504,0.002478,1.300334,-1,-1,-1
0.633250,0.010839,0.002481,1.300334,130,138,8
0.633388,0.010396,0.002483,1.300335,-1,-1,-1
0.633591,0.009859,0.002485,1.300335,206,138,13
0.633786,0.009421,0.002487,1.300336,252,140,11
0.634055,0.008901,0.002490,1.300336,295,139,11
0.634309,0.008475,0.002492,1.300337,348,140,11
0.634573,0.008082,0.002494,1.300337,373,141,11
0.634955,0.007584,0.002497,1.300338,428,140,11
0.635274,0.007218,0.002499,1.300338,460,139,9
0.635620,0.006864,0.002501,1.300339,517,137,11
0.636095,0.006435,0.002504,1.300339,569,134,13
0.636178,0.006316,0.002506,1.300339,607,133,13
0.635817,0.006288,0.002509,1.300340,-1,-1,-1
0.635637,0.006383,0.002511,1.300340,-1,-1,-1
0.635193,0.006684,0.002513,1.300341,-1,-1,-1
0.633712,0.007751,0.002516,1.300341,-1,-1,-1
0.632897,0.008378,0.002518,1.300342,-1,-1,-1
0.632400,0.008787,0.002520,1.300342,-1,-1,-1
0.631933,0.009227,0.002523,1.300343,608,132,13
0.631618,0.009562,0.002525,1.300343,564,135,12
0.631152,0.010127,0.002528,1.300344,527,136,13
0.630984,0.010355,0.002530,1.300344,483,138,12
0.630827,0.010584,0.002532,1.300345,439,139,11
0.630819,0.010591,0.002535,1.300345,442,139,11
0.630811,0.010598,0.002537,1.300346,442,138,11
0.630803,0.010605,0.002539,1.300346,445,135,8
0.630790,0.010617,0.002543,1.300347,445,140,9
0.630785,0.010622,0.002545,1.300347,443,139,11
0.630777,0.010629,0.002547,1.300348,445,137,8
0.630771,0.010635,0.002549,1.300348,443,139,11
0.630762,0.010643,0.002552,1.300349,443,139,12
0.630751,0.010653,0.002555,1.300349,441,135,8
0.630744,0.010660,0.002557,1.300350,444,139,11
0.630737,0.010667,0.002559,1.300350,445,139,11
0.630726,0.010677,0.002562,1.300351,443,137,11
0.630720,0.010682,0.002564,1.300351,445,135,8
0.630713,0.010688,0.002566,1.300352,445,139,11
0.630704,0.010697,0.002569,1.300352,445,139,11
0.630697,0.010703,0.002571,1.300353,445,139,11
0.630687,0.010712,0.002573,1.300353,446,138,11
0.630680,0.010720,0.002576,1.300354,446,139,11
0.630674,0.010725,0.002577,1.300354,445,138,11
0.630664,0.010734,0.002580,1.300355,446,139,11
0.630657,0.010740,0.002582,1.300355,446,138,11
0.630648,0.010749,0.002585,1.300356,446,140,12
0.630640,0.010756,0.002587,1.300356,445,137,11
0.630631,0.010765,0.002590,1.300357,448,140,9
0.630623,0.010771,0.002592,1.300357,445,140,10
0.630614,0.010780,0.002595,1.300358,446,140,9
0.631729,0.009286,0.002597,1.300358,449,140,10
0.636609,0.003420,0.002599,1.300359,466,136,10
0.647028,-0.007449,0.002602,1.300359,516,138,11
0.661532,-0.021619,0.002604,1.300360,557,134,11
0.676766,-0.036366,0.002606,1.300360,585,136,7
0.694495,-0.052860,0.002608,1.300360,584,135,10
0.712049,-0.068837,0.002610,1.300361,-1,-1,-1
0.737780,-0.092258,0.002613,1.300361,-1,-1,-1
0.757186,-0.109939,0.002615,1.300362,-1,-1,-1
0.777487,-0.128397,0.002617,1.300362,-1,-1,-1
0.799065,-0.148017,0.002620,1.300363,-1,-1,-1
0.827001,-0.173443,0.002623,1.300363,-1,-1,-1
0.845095,-0.189904,0.002625,1.300364,-1,-1,-1
0.865607,-0.208536,0.002627,1.300364,-1,-1,-1
0.888076,-0.228966,0.002629,1.300365,-1,-1,-1
0.914248,-0.252780,0.002632,1.300365,-1,-1,-1
0.934355,-0.271037,0.002635,1.300366,559,153,8
0.947211,-0.282714,0.002636,1.300366,321,453,19
0.972114,-0.305119,0.002639,1.300367,322,474,9
0.978308,-0.310617,0.002641,1.300367,327,433,17
0.983916,-0.315664,0.002644,1.300368,324,403,39
0.981298,-0.313170,0.002646,1.300368,536,159,8
0.972883,-0.304713,0.002649,1.300369,287,471,30
0.961500,-0.292481,0.002651,1.300369,277,409,37
0.953288,-0.283049,0.002653,1.300370,229,446,8
0.935457,-0.260927,0.002656,1.300370,208,446,18
0.919737,-0.240082,0.002658,1.300371,197,449,17
0.902570,-0.216919,0.002660,1.300371,-1,-1,-1
0.886615,-0.195337,0.002663,1.300372,-1,-1,-1
0.866580,-0.168231,0.002665,1.300372,-1,-1,-1
0.849416,-0.144995,0.002668,1.300373,-1,-1,-1
0.829616,-0.118216,0.002670,1.300373,-1,-1,-1
0.813986,-0.097075,0.002672,1.300374,-1,-1,-1
0.793607,-0.069488,0.002675,1.300374,-1,-1,-1
0.778219,-0.048676,0.002677,1.300375,-1,-1,-1
0.763314,-0.028516,0.002679,1.300375,-1,-1,-1
0.743277,-0.001411,0.002682,1.300376,-1,-1,-1
0.725763,0.022297,0.002684,1.300376,-1,-1,-1
0.710694,0.042675,0.002686,1.300377,-1,-1,-1
0.691207,0.069033,0.002689,1.300377,-1,-1,-1
0.669777,0.098043,0.002692,1.300378,-1,-1,-1
0.654737,0.118383,0.002694,1.300378,-1,-1,-1
0.641060,0.136882,0.002696,1.300379,-1,-1,-1
0.621255,0.163667,0.002699,1.300379,-1,-1,-1
0.605934,0.184211,0.002701,1.300380,-1,-1,-1
0.592794,0.201058,0.002703,1.300380,-1,-1,-1
0.579761,0.216456,0.002706,1.300381,-1,-1,-1
0.571214,0.225659,0.002708,1.300381,-1,-1,-1
0.560854,0.235608,0.002711,1.300382,-1,-1,-1
0.556550,0.239253,0.002713,1.300382,-1,-1,-1
0.552429,0.242388,0.002715,1.300383,-1,-1,-1
0.548134,0.245242,0.002717,1.300383,-1,-1,-1
0.545093,0.247163,0.002720,1.300384,-1,-1,-1
0.542163,0.249027,0.002722,1.300384,-1,-1,-1
0.539637,0.250711,0.002724,1.300385,-1,-1,-1
0.538075,0.251826,0.002727,1.300385,-1,-1,-1
0.537488,0.252271,0.002729,1.300386,-1,-1,-1
0.537053,0.252640,0.002732,1.300386,177,466,13
0.536613,0.253066,0.002735,1.300387,586,116,9
0.536322,0.253382,0.002737,1.300387,558,119,10
0.535942,0.253845,0.002739,1.300388,-1,-1,-1
0.535657,0.254238,0.002741,1.300388,-1,-1,-1
0.535367,0.254690,0.002744,1.300389,-1,-1,-1
0.535063,0.255236,0.002747,1.300389,-1,-1,-1
0.534971,0.255421,0.002749,1.300390,-1,-1,-1
0.534969,0.255420,0.002751,1.300390,-1,-1,-1
0.534967,0.255419,0.002753,1.300391,-1,-1,-1
0.534965,0.255417,0.002756,1.300391,-1,-1,-1
0.534978,0.255393,0.002759,1.300392,-1,-1,-1
0.535114,0.255154,0.002761,1.300392,-1,-1,-1
0.535323,0.254808,0.002762,1.300393,-1,-1,-1
0.535672,0.254298,0.002765,1.300393,-1,-1,-1
0.536067,0.253802,0.002768,1.300394,-1,-1,-1
0.536455,0.253377,0.002771,1.300394,-1,-1,-1
0.536810,0.253033,0.002773,1.300395,514,120,10
0.537165,0.252723,0.002775,1.300395,583,114,9
0.537532,0.252435,0.002777,1.300396,616,109,13
0.537931,0.252151,0.002779,1.300396,-1,-1,-1
0.538654,0.251677,0.002782,1.300397,-1,-1,-1
0.538962,0.251423,0.002784,1.300397,-1,-1,-1
0.539038,0.251385,0.002786,1.300397,-1,-1,-1
0.539382,0.251249,0.002789,1.300398,-1,-1,-1
0.539935,0.251059,0.002791,1.300399,-1,-1,-1
0.540460,0.250915,0.002794,1.300399,-1,-1,-1
0.540179,0.250984,0.002796,1.300399,-1,-1,-1
0.532660,0.252336,0.002799,1.300400,-1,-1,-1
0.528072,0.252946,0.002800,1.300400,-1,-1,-1
0.524933,0.253333,0.002803,1.300401,-1,-1,-1
0.524356,0.253421,0.002806,1.300402,-1,-1,-1
0.524107,0.253464,0.002808,1.300402,-1,-1,-1
0.524110,0.253449,0.002810,1.300403,-1,-1,-1
0.523750,0.253568,0.002813,1.300403,-1,-1,-1
0.523432,0.253696,0.002815,1.300403,-1,-1,-1
0.522984,0.253905,0.002817,1.300404,-1,-1,-1
0.522624,0.254098,0.002819,1.300404,-1,-1,-1
0.522168,0.254380,0.002822,1.300405,-1,-1,-1
0.521809,0.254634,0.002824,1.300405,-1,-1,-1
0.521253,0.255085,0.002828,1.300406,-1,-1,-1
0.520851,0.255463,0.002829,1.300407,630,112,18
0.520174,0.256175,0.002832,1.300407,577,114,10
0.519902,0.256488,0.002834,1.300408,538,114,14
0.519434,0.257101,0.002837,1.300408,483,115,15
0.519133,0.257554,0.002839,1.300409,449,115,12
0.518856,0.258027,0.002842,1.300409,408,120,13
0.518581,0.258566,0.002844,1.300410,367,120,13
0.518327,0.259150,0.002847,1.300410,309,123,10
0.518117,0.259730,0.002849,1.300411,269,120,10
0.517939,0.260337,0.002852,1.300411,244,115,18
0.517822,0.260851,0.002854,1.300412,-1,-1,-1
0.517718,0.261486,0.002856,1.300412,-1,-1,-1
0.517351,0.264072,0.002859,1.300413,-1,-1,-1
0.517305,0.264358,0.002860,1.300413,-1,-1,-1
0.517477,0.263732,0.002864,1.300414,-1,-1,-1
0.517579,0.263430,0.002865,1.300414,-1,-1,-1
0.517782,0.262921,0.002868,1.300415,238,115,16
0.517967,0.262525,0.002870,1.300415,262,115,10
0.518199,0.262086,0.002873,1.300416,316,121,12
0.518624,0.261375,0.002875,1.300416,339,118,13
0.519037,0.260745,0.002877,1.300417,384,114,12
0.519478,0.260146,0.002879,1.300417,432,120,13
0.520047,0.259495,0.002883,1.300418,478,119,13
0.520072,0.259470,0.002885,1.300418,525,114,6
0.516799,0.262612,0.002887,1.300419,574,116,11
0.509101,0.269577,0.002889,1.300419,594,107,5
0.498000,0.279204,0.002891,1.300420,632,109,12
0.482280,0.292426,0.002894,1.300420,639,111,9
0.472192,0.300497,0.002896,1.300421,-1,-1,-1
0.468576,0.303311,0.002898,1.300421,-1,-1,-1
0.464651,0.306317,0.002900,1.300421,-1,-1,-1
0.462494,0.308006,0.002903,1.300422,-1,-1,-1
0.461775,0.308610,0.002905,1.300423,-1,-1,-1
0.461201,0.309154,0.002908,1.300423,-1,-1,-1
0.460570,0.309846,0.002911,1.300424,600,101,17
0.460182,0.310313,0.002913,1.300424,551,108,17
0.459832,0.310785,0.002916,1.300425,494,105,7
0.459514,0.311276,0.002918,1.300425,474,110,13
0.459213,0.311806,0.002920,1.300426,417,111,15
0.458829,0.312624,0.002924,1.300427,389,112,15
0.458669,0.313033,0.002926,1.300427,311,112,16
0.458551,0.313375,0.002927,1.300427,276,111,16
0.458398,0.313901,0.002929,1.300428,278,109,13
0.458182,0.314860,0.002933,1.300428,206,105,12
0.458304,0.314476,0.002935,1.300429,199,110,15
0.458510,0.313928,0.002938,1.300429,241,112,15
0.458667,0.313572,0.002939,1.300430,274,111,14
0.459021,0.312853,0.002942,1.300430,311,111,15
0.459047,0.312789,0.002944,1.300431,359,111,14
0.457258,0.315959,0.002947,1.300431,385,109,7
0.456801,0.316805,0.002949,1.300432,393,108,13
0.456561,0.317298,0.002951,1.300432,375,105,6
0.456343,0.317826,0.002954,1.300433,346,112,5
0.456171,0.318324,0.002956,1.300433,294,109,6
0.455814,0.319632,0.002959,1.300434,277,111,15
0.455609,0.320568,0.002961,1.300434,203,110,15
0.455487,0.321281,0.002963,1.300435,181,107,16
0.455437,0.321660,0.002965,1.300435,118,105,16
0.455395,0.322875,0.002968,1.300436,94,104,17
0.455380,0.324261,0.002970,1.300436,49,98,11
0.455347,0.324884,0.002973,1.300437,23,99,18
0.455352,0.324588,0.002974,1.300437,28,101,18
0.455422,0.323674,0.002977,1.300438,45,104,14
0.455498,0.323177,0.002980,1.300438,81,102,16
0.455620,0.322608,0.002982,1.300439,130,104,14
0.455763,0.322098,0.002985,1.300439,174,111,13
0.455868,0.321781,0.002986,1.300440,216,111,13
0.456128,0.321131,0.002989,1.300440,262,106,6
0.456319,0.320728,0.002991,1.300441,297,112,5
0.456408,0.320558,0.002994,1.300441,324,108,14
0.453758,0.324994,0.002997,1.300442,373,113,13
0.446810,0.335640,0.002999,1.300442,423,106,13
0.437093,0.349764,0.003001,1.300443,445,110,13
0.426145,0.365221,0.003004,1.300443,465,102,14
0.416564,0.376172,0.003005,1.300444,474,102,16
0.402208,0.392231,0.003009,1.300445,507,101,13
0.394463,0.402768,0.003011,1.300445,375,102,14
0.385132,0.416813,0.003014,1.300446,218,100,16
0.382178,0.420933,0.003016,1.300446,88,90,8
0.382151,0.421509,0.003017,1.300446,1,85,17
0.382248,0.422165,0.003020,1.300447,-1,-1,-1
0.382339,0.422603,0.003022,1.300447,-1,-1,-1
0.382484,0.423157,0.003024,1.300448,-1,-1,-1
0.382646,0.423657,0.003026,1.300448,-1,-1,-1
0.382776,0.423981,0.003029,1.300449,-1,-1,-1
0.382647,0.423558,0.003031,1.300449,-1,-1,-1
0.382523,0.423057,0.003034,1.300450,-1,-1,-1
0.382421,0.422496,0.003036,1.300450,-1,-1,-1
0.382285,0.421096,0.003039,1.300451,-1,-1,-1
0.382132,0.419400,0.003041,1.300451,-1,-1,-1
0.382040,0.417738,0.003043,1.300452,-1,-1,-1
0.382016,0.415225,0.003046,1.300453,8,80,6
0.382085,0.412820,0.003049,1.300453,39,84,18
0.382206,0.410831,0.003051,1.300454,69,88,19
0.382460,0.408180,0.003054,1.300454,87,91,18
0.382668,0.406563,0.003056,1.300455,118,92,18
0.382625,0.406753,0.003059,1.300455,148,93,18
0.382496,0.407783,0.003060,1.300456,147,92,17
0.382071,0.412403,0.003063,1.300456,135,92,16
0.381551,0.416490,0.003066,1.300457,90,90,18
0.381456,0.417924,0.003067,1.300457,36,86,19
0.381625,0.420498,0.003070,1.300458,4,80,5
0.382150,0.424464,0.003072,1.300458,-1,-1,-1
0.382133,0.425463,0.003075,1.300459,-1,-1,-1
0.382140,0.425446,0.003077,1.300459,-1,-1,-1
0.382140,0.425446,0.003079,1.300459,-1,-1,-1
0.382092,0.425239,0.003082,1.300460,-1,-1,-1
0.381980,0.424699,0.003084,1.300461,-1,-1,-1
0.381674,0.422922,0.003086,1.300461,-1,-1,-1
0.381478,0.421461,0.003088,1.300462,-1,-1,-1
0.381289,0.419474,0.003091,1.300462,-1,-1,-1
0.381182,0.417462,0.003093,1.300463,-1,-1,-1
0.381168,0.415449,0.003096,1.300463,8,82,18
0.381230,0.412862,0.003099,1.300464,35,85,18
0.381394,0.410299,0.003101,1.300464,69,88,17
0.381610,0.408128,0.003103,1.300465,96,91,17
0.381936,0.405719,0.003106,1.300465,110,90,18
0.382312,0.403545,0.003108,1.300466,147,92,18
0.382721,0.401578,0.003111,1.300466,176,98,15
0.383253,0.399405,0.003113,1.300467,199,92,6
0.383187,0.399445,0.003115,1.300467,231,98,17
0.382969,0.400205,0.003118,1.300468,240,95,6
0.382152,0.403866,0.003120,1.300468,227,98,17
0.380804,0.407745,0.003123,1.300469,219,96,13
0.379861,0.410612,0.003125,1.300470,151,92,18
0.379694,0.413319,0.003128,1.300470,117,91,17
0.379722,0.412654,0.003129,1.300470,76,89,18
0.379885,0.410190,0.003132,1.300471,68,87,19
0.380079,0.408249,0.003134,1.300471,99,89,17
0.380464,0.405444,0.003137,1.300472,127,92,17
0.380849,0.403278,0.003139,1.300473,146,92,17
0.381237,0.401446,0.003141,1.300473,174,99,14
0.381743,0.399392,0.003144,1.300473,207,95,17
0.382359,0.397236,0.003146,1.300474,227,94,15
0.383095,0.394953,0.003149,1.300475,259,98,6
0.383917,0.392669,0.003151,1.300475,284,97,15
0.384980,0.390018,0.003154,1.300476,306,98,16
0.385786,0.388181,0.003156,1.300476,333,101,16
0.386991,0.385669,0.003159,1.300477,341,99,16
0.387640,0.384451,0.003161,1.300477,382,96,7
0.388085,0.383506,0.003163,1.300478,403,101,16
0.387174,0.385184,0.003166,1.300478,417,99,15
0.385640,0.388341,0.003167,1.300479,409,104,13
0.381968,0.396672,0.003170,1.300479,362,104,13
0.378043,0.402197,0.003173,1.300480,321,96,5
0.375830,0.407546,0.003175,1.300480,243,101,15
0.374899,0.417736,0.003177,1.300481,161,91,5
0.374447,0.425969,0.003180,1.300481,44,86,18
0.375061,0.429370,0.003181,1.300482,-1,-1,-1
0.375925,0.432234,0.003184,1.300482,-1,-1,-1
0.375926,0.432230,0.003186,1.300483,-1,-1,-1
0.375925,0.432230,0.003188,1.300483,-1,-1,-1
0.375792,0.431829,0.003191,1.300484,-1,-1,-1
0.375211,0.429917,0.003193,1.300484,-1,-1,-1
0.374753,0.428148,0.003196,1.300485,-1,-1,-1
0.374325,0.426169,0.003198,1.300485,-1,-1,-1
0.374015,0.424425,0.003200,1.300486,-1,-1,-1
0.373769,0.422700,0.003202,1.300486,-1,-1,-1
0.373510,0.420070,0.003205,1.300487,-1,-1,-1
0.373397,0.418015,0.003208,1.300487,-1,-1,-1
0.373367,0.415587,0.003211,1.300488,9,85,16
0.373380,0.413899,0.003213,1.300488,26,83,19
0.373407,0.412909,0.003215,1.300489,27,79,6
0.373686,0.407937,0.003217,1.300489,72,90,18
0.374809,0.395276,0.003220,1.300490,98,91,15
0.377269,0.379193,0.003222,1.300490,130,93,15
0.383830,0.348173,0.003225,1.300491,187,100,13
0.389473,0.323344,0.003228,1.300492,216,99,17
0.395120,0.298591,0.003230,1.300492,228,101,6
0.402572,0.265880,0.003232,1.300493,230,107,15
0.409183,0.236813,0.003235,1.300493,232,106,11
0.413699,0.216924,0.003236,1.300494,231,113,14
0.421472,0.182744,0.003239,1.300494,234,119,11
0.428974,0.149683,0.003242,1.300495,238,121,13
0.435242,0.122021,0.003244,1.300495,239,123,12
0.440463,0.098984,0.003246,1.300496,239,124,12
0.448980,0.061372,0.003249,1.300496,243,127,13
0.454967,0.034885,0.003251,1.300497,245,129,13
0.460043,0.012398,0.003253,1.300497,245,133,11
0.467315,-0.019774,0.003256,1.300498,245,134,11
0.473153,-0.045651,0.003258,1.300498,249,136,11
0.480812,-0.079653,0.003261,1.300499,251,140,10
0.485028,-0.098381,0.003262,1.300499,247,139,9
0.492659,-0.132267,0.003265,1.300500,252,143,11
0.499904,-0.164508,0.003268,1.300500,254,144,11
0.505468,-0.189308,0.003270,1.300501,252,145,9
0.511927,-0.218057,0.003272,1.300501,255,149,8
0.518179,-0.245937,0.003275,1.300502,256,148,11
0.525922,-0.280521,0.003277,1.300502,257,151,11
0.531534,-0.305591,0.003280,1.300503,259,151,10
0.539239,-0.335842,0.003282,1.300503,260,153,9
0.549880,-0.341906,0.003285,1.300504,261,156,7
0.557018,-0.346070,0.003286,1.300504,200,148,9
0.564452,-0.348496,0.003289,1.300505,130,146,10
0.568854,-0.347218,0.003291,1.300505,93,146,9
0.568851,-0.347181,0.003294,1.300506,22,149,9
0.568382,-0.347690,0.003297,1.300507,12,148,11
0.568321,-0.347725,0.003299,1.300507,21,149,11
0.568301,-0.347737,0.003301,1.300508,20,149,10
0.568260,-0.347800,0.003303,1.300508,23,149,11
0.568224,-0.347797,0.003306,1.300509,23,149,10
0.568198,-0.347800,0.003308,1.300509,23,148,11
0.568158,-0.348078,0.003311,1.300510,23,152,9
0.568081,-0.347828,0.003313,1.300510,45,151,10
0.568056,-0.346155,0.003315,1.300511,77,152,10
0.567944,-0.343628,0.003318,1.300511,110,153,9
0.567810,-0.341898,0.003320,1.300512,132,153,9
0.567560,-0.339628,0.003323,1.300512,151,153,9
0.567326,-0.338010,0.003325,1.300513,174,154,9
0.567016,-0.336259,0.003327,1.300513,202,154,9
0.566808,-0.335241,0.003329,1.300514,222,155,8
0.566293,-0.333089,0.003332,1.300514,251,153,10
0.566023,-0.332110,0.003335,1.300515,277,156,8
0.565858,-0.331629,0.003337,1.300515,284,157,7
0.565671,-0.331073,0.003339,1.300516,306,157,9
0.565343,-0.330168,0.003341,1.300516,311,156,8
0.564927,-0.329084,0.003343,1.300517,332,154,9
0.564348,-0.327754,0.003347,1.300518,362,155,9
0.564081,-0.327195,0.003349,1.300518,386,157,8
0.563749,-0.326569,0.003351,1.300519,427,154,10
0.563618,-0.326340,0.003353,1.300519,453,154,8
0.563673,-0.326388,0.003356,1.300520,479,154,10
0.563932,-0.326706,0.003358,1.300520,530,151,10
0.564272,-0.327082,0.003361,1.300521,570,151,9
0.564659,-0.327461,0.003363,1.300521,609,151,10
0.564937,-0.327706,0.003365,1.300522,-1,-1,-1
0.565342,-0.328032,0.003367,1.300522,-1,-1,-1
0.569614,-0.331257,0.003369,1.300523,-1,-1,-1
0.570547,-0.331966,0.003371,1.300523,-1,-1,-1
0.570042,-0.331567,0.003374,1.300524,-1,-1,-1
0.569704,-0.331264,0.003376,1.300524,-1,-1,-1
0.569189,-0.330737,0.003379,1.300525,-1,-1,-1
0.568865,-0.330357,0.003382,1.300525,612,149,9
0.569304,-0.330207,0.003385,1.300526,575,151,11
0.569305,-0.330208,0.003387,1.300526,547,152,10
0.569307,-0.330206,0.003389,1.300527,548,151,9
0.569309,-0.330204,0.003392,1.300527,550,151,9
0.569311,-0.330201,0.003394,1.300528,549,152,11
0.569317,-0.330198,0.003396,1.300528,548,151,11
0.569327,-0.330192,0.003399,1.300529,549,151,10
0.569347,-0.330181,0.003401,1.300530,549,150,9
0.569362,-0.330174,0.003403,1.300530,550,149,6
0.569363,-0.330174,0.003405,1.300530,548,152,10
0.569360,-0.330174,0.003408,1.300531,546,152,10
0.569354,-0.330175,0.003411,1.300532,547,151,9
0.569351,-0.330176,0.003413,1.300532,546,152,10
0.569348,-0.330175,0.003415,1.300533,548,152,9
0.569345,-0.330173,0.003418,1.300533,548,152,8
0.569345,-0.330173,0.003420,1.300534,548,152,8
0.569344,-0.330174,0.003422,1.300534,548,152,10
0.569630,-0.330584,0.003425,1.300535,546,151,10
0.568453,-0.329000,0.003427,1.300535,548,152,9
0.564045,-0.323120,0.003429,1.300536,552,151,11
0.553967,-0.309616,0.003432,1.300536,557,152,9
0.544548,-0.296360,0.003434,1.300537,559,150,10
0.531376,-0.276709,0.003437,1.300537,541,149,10
0.519320,-0.258446,0.003439,1.300538,520,150,11
0.507089,-0.240368,0.003441,1.300538,519,148,10
0.497059,-0.227046,0.003444,1.300539,527,148,11
0.489265,-0.218419,0.003446,1.300539,563,146,10
0.484231,-0.213631,0.003448,1.300540,-1,-1,-1
0.477180,-0.207691,0.003450,1.300540,-1,-1,-1
0.471329,-0.203274,0.003453,1.300541,-1,-1,-1
0.467620,-0.200545,0.003455,1.300541,-1,-1,-1
0.466947,-0.200034,0.003457,1.300542,-1,-1,-1
0.466491,-0.199659,0.003460,1.300542,-1,-1,-1
0.466107,-0.199301,0.003462,1.300543,-1,-1,-1
0.465665,-0.198832,0.003465,1.300544,-1,-1,-1
0.465300,-0.198385,0.003468,1.300544,630,142,10
0.465052,-0.198044,0.003470,1.300545,595,142,12
0.464777,-0.197619,0.003472,1.300545,547,145,8
0.464519,-0.197164,0.003475,1.300546,505,146,10
0.464354,-0.196834,0.003477,1.300546,446,146,11
0.464219,-0.196534,0.003480,1.300547,411,148,9
0.464219,-0.196538,0.003481,1.300547,414,147,9
0.464219,-0.196545,0.003484,1.300548,414,147,10
0.464219,-0.196549,0.003486,1.300548,414,147,10
0.464219,-0.196555,0.003489,1.300549,415,146,11
0.464219,-0.196560,0.003491,1.300549,414,147,10
0.464219,-0.196565,0.003494,1.300550,414,147,10
0.464218,-0.196569,0.003495,1.300550,412,148,10
0.464218,-0.196576,0.003498,1.300551,414,147,11
0.464218,-0.196581,0.003501,1.300552,415,146,11
0.463784,-0.195610,0.003503,1.300552,415,146,11
0.460110,-0.187378,0.003506,1.300553,413,148,10
0.453853,-0.173388,0.003508,1.300553,416,147,10
0.449701,-0.163944,0.003510,1.300554,416,147,11
0.438840,-0.138672,0.003513,1.300554,409,144,11
0.425819,-0.108950,0.003516,1.300555,405,144,10
0.416039,-0.086769,0.003518,1.300555,416,144,10
0.404995,-0.061736,0.003520,1.300556,418,141,10
0.396183,-0.041770,0.003522,1.300556,421,140,9
0.379828,-0.004717,0.003525,1.300557,424,138,9
0.368292,0.021430,0.003527,1.300557,421,140,10
0.356622,0.047849,0.003530,1.300558,428,134,12
0.345281,0.073518,0.003532,1.300558,427,132,13
0.330125,0.107844,0.003535,1.300559,433,127,13
0.320012,0.130718,0.003537,1.300560,436,126,13
0.308438,0.156896,0.003539,1.300560,438,123,13
0.294326,0.188814,0.003542,1.300561,445,116,7
0.282183,0.216282,0.003544,1.300561,447,115,12
0.272879,0.237309,0.003546,1.300562,446,116,14
0.261522,0.262971,0.003548,1.300562,451,108,5
0.248963,0.291363,0.003551,1.300563,455,106,15
0.237651,0.316921,0.003553,1.300563,458,107,15
0.224987,0.345514,0.003556,1.300564,463,100,17
0.215646,0.366602,0.003558,1.300564,467,97,17
0.201437,0.398700,0.003560,1.300565,470,93,17
0.190575,0.423206,0.003563,1.300565,478,89,15
0.177647,0.452366,0.003565,1.300566,478,85,18
0.166263,0.478054,0.003567,1.300566,483,81,19
0.154218,0.505223,0.003570,1.300567,489,74,20
0.142735,0.531106,0.003572,1.300567,493,71,20
0.128464,0.563269,0.003575,1.300568,502,64,19
0.116162,0.591008,0.003577,1.300569,509,57,21
0.106234,0.613365,0.003579,1.300569,517,50,22
0.092566,0.644141,0.003582,1.300570,538,4,26
0.082346,0.666950,0.003584,1.300570,536,34,25
0.072213,0.688143,0.003587,1.300571,542,23,30
0.063569,0.704384,0.003589,1.300571,590,12,27
0.055262,0.718387,0.003592,1.300572,623,9,19
0.048919,0.727577,0.003594,1.300572,-1,-1,-1
0.047304,0.729571,0.003597,1.300573,-1,-1,-1
0.050156,0.727247,0.003599,1.300573,-1,-1,-1
0.058679,0.721250,0.003602,1.300574,-1,-1,-1
0.076510,0.711652,0.003605,1.300575,-1,-1,-1
0.096672,0.703889,0.003607,1.300575,-1,-1,-1
0.120133,0.696503,0.003609,1.300576,-1,-1,-1
0.148199,0.688649,0.003612,1.300576,-1,-1,-1
0.174162,0.681902,0.003614,1.300577,-1,-1,-1
0.206450,0.673537,0.003617,1.300577,-1,-1,-1
0.243778,0.663856,0.003620,1.300578,-1,-1,-1
0.274369,0.655957,0.003622,1.300579,-1,-1,-1
0.292104,0.651384,0.003624,1.300579,-1,-1,-1
0.307807,0.647330,0.003625,1.300579,-1,-1,-1
0.327216,0.642311,0.003627,1.300580,-1,-1,-1
0.334155,0.641113,0.003629,1.300580,-1,-1,-1
0.334152,0.641113,0.003631,1.300581,-1,-1,-1
0.333964,0.641157,0.003633,1.300581,-1,-1,-1
0.333453,0.641310,0.003636,1.300582,-1,-1,-1
0.333039,0.641458,0.003638,1.300582,-1,-1,-1
0.332510,0.641682,0.003640,1.300583,-1,-1,-1
0.331946,0.641966,0.003643,1.300583,-1,-1,-1
0.331495,0.642231,0.003645,1.300584,-1,-1,-1
0.330861,0.642726,0.003648,1.300584,-1,-1,-1
0.329423,0.643849,0.003651,1.300585,-1,-1,-1
0.328121,0.644984,0.003653,1.300585,-1,-1,-1
0.326616,0.646430,0.003656,1.300586,639,28,8
0.325371,0.647738,0.003658,1.300587,613,34,7
0.324172,0.649097,0.003660,1.300587,568,48,21
0.322859,0.650702,0.003663,1.300588,535,46,23
0.321515,0.652484,0.003665,1.300588,542,9,29
0.319858,0.654922,0.003668,1.300589,491,52,19
0.319174,0.656104,0.003670,1.300589,454,50,22
0.318258,0.657821,0.003673,1.300590,433,47,5
0.317404,0.659314,0.003675,1.300590,415,5,34
0.317059,0.659961,0.003677,1.300591,389,56,19
0.316841,0.660406,0.003679,1.300591,360,53,22
0.316677,0.660783,0.003681,1.300592,337,52,13
0.316459,0.661378,0.003684,1.300592,284,46,9
0.316295,0.661938,0.003687,1.300593,237,51,23
0.316169,0.662500,0.003689,1.300594,187,51,20
0.316064,0.663179,0.003692,1.300594,142,44,23
0.316024,0.663625,0.003694,1.300595,101,43,21
0.316006,0.664027,0.003696,1.300595,59,34,7
0.316010,0.664546,0.003698,1.300596,4,29,5
0.316042,0.665053,0.003700,1.300596,-1,-1,-1
0.316106,0.665588,0.003703,1.300597,-1,-1,-1
0.316192,0.666067,0.003705,1.300597,-1,-1,-1
0.316170,0.666017,0.003707,1.300598,-1,-1,-1
0.316058,0.665432,0.003710,1.300598,-1,-1,-1
0.315981,0.664791,0.003713,1.300599,-1,-1,-1
0.315957,0.664388,0.003715,1.300599,-1,-1,-1
0.315953,0.663829,0.003717,1.300600,-1,-1,-1
0.315980,0.663322,0.003719,1.300600,1,40,17
0.316053,0.662686,0.003722,1.300601,277,397,11
0.316163,0.662096,0.003725,1.300602,101,47,20
0.316304,0.661539,0.003727,1.300602,137,40,7
0.316467,0.661030,0.003730,1.300603,195,47,9
0.316640,0.660580,0.003732,1.300603,246,46,6
0.316858,0.660098,0.003734,1.300604,280,44,7
0.317171,0.659512,0.003737,1.300604,318,47,7
0.317664,0.658661,0.003739,1.300605,350,53,19
0.318335,0.657535,0.003742,1.300605,395,45,10
0.318170,0.657787,0.003744,1.300606,426,3,37
0.317836,0.658348,0.003746,1.300606,409,47,21
0.317561,0.658867,0.003749,1.300607,392,47,7
0.317421,0.659168,0.003751,1.300607,342,51,22
0.317169,0.659799,0.003754,1.300608,318,47,9
0.317021,0.660251,0.003756,1.300609,262,47,19
0.316866,0.660851,0.003759,1.300609,235,53,20
0.316787,0.661245,0.003760,1.300610,180,46,6
0.316711,0.661749,0.003763,1.300610,152,41,8
0.316777,0.661206,0.003766,1.300611,105,36,18
0.316844,0.660830,0.003768,1.300611,77,38,5
0.316942,0.660398,0.003770,1.300612,122,48,19
0.317104,0.659834,0.003772,1.300612,157,47,25
0.317367,0.659122,0.003775,1.300613,226,46,6
0.317559,0.658692,0.003777,1.300614,259,53,22
0.317807,0.658213,0.003780,1.300614,323,7,30
0.318106,0.657716,0.003782,1.300615,321,48,21
0.318305,0.657422,0.003784,1.300615,399,50,19
0.318679,0.656929,0.003787,1.300616,437,46,7
0.318905,0.656660,0.003789,1.300616,472,46,22
0.319082,0.656463,0.003791,1.300617,525,40,5
0.319719,0.655773,0.003794,1.300617,584,1,33
0.320354,0.655092,0.003796,1.300618,586,38,25
0.320804,0.654572,0.003799,1.300618,581,42,23
0.320606,0.654798,0.003800,1.300619,551,39,27
0.320217,0.655302,0.003803,1.300619,499,49,21
0.319417,0.656717,0.003806,1.300620,453,49,21
0.318251,0.658660,0.003808,1.300621,427,50,22
0.317915,0.659255,0.003811,1.300621,397,50,17
0.317712,0.659664,0.003813,1.300622,613,382,16
0.317524,0.660100,0.003815,1.300622,316,53,20
0.317321,0.660659,0.003818,1.300623,284,49,9
0.317326,0.660629,0.003820,1.300623,278,9,30
0.317494,0.660150,0.003822,1.300624,219,48,6
0.317750,0.659547,0.003825,1.300624,247,49,23
0.317942,0.659159,0.003827,1.300625,292,48,9
0.318173,0.658747,0.003829,1.300625,342,49,6
0.318939,0.657536,0.003832,1.300626,372,52,23
0.320804,0.652332,0.003834,1.300626,431,43,8
0.320120,0.650733,0.003837,1.300627,459,45,6
0.320113,0.650717,0.003839,1.300627,477,4,22
0.320740,0.649697,0.003842,1.300628,482,47,24
0.320584,0.649236,0.003843,1.300628,482,46,21
0.320561,0.649206,0.003846,1.300629,520,5,31
0.320669,0.649053,0.003849,1.300630,504,41,9
0.320840,0.648322,0.003851,1.300630,506,47,6
0.320824,0.648315,0.003853,1.300631,509,44,6
0.320811,0.648279,0.003856,1.300631,514,45,23
0.321104,0.647725,0.003858,1.300632,518,51,19
0.321038,0.647559,0.003861,1.300632,515,43,27
0.321023,0.647519,0.003863,1.300633,528,48,20
0.321081,0.647425,0.003865,1.300633,530,48,16
0.321203,0.646882,0.003867,1.300634,527,45,23
0.321190,0.646881,0.003870,1.300634,538,2,21
0.321173,0.646841,0.003872,1.300635,531,42,6
0.321391,0.646456,0.003875,1.300636,533,44,24
0.321325,0.646256,0.003878,1.300636,533,42,9
0.321309,0.646228,0.003879,1.300637,536,46,23
0.321304,0.646203,0.003881,1.300637,544,43,22
0.321410,0.645772,0.003885,1.300638,560,6,36
0.321388,0.645754,0.003887,1.300638,543,43,5
0.321378,0.645727,0.003889,1.300639,547,50,19
0.321556,0.645397,0.003891,1.300639,545,41,7
0.321503,0.645230,0.003894,1.300640,544,44,25
0.321490,0.645213,0.003896,1.300641,556,50,19
0.321538,0.645153,0.003898,1.300641,557,40,6
0.318565,0.648242,0.003901,1.300642,558,44,21
0.314344,0.652268,0.003903,1.300642,586,45,22
0.305577,0.659763,0.003905,1.300643,639,32,19
0.292948,0.668720,0.003908,1.300643,-1,-1,-1
0.280965,0.676203,0.003910,1.300644,-1,-1,-1
0.257270,0.689369,0.003913,1.300644,-1,-1,-1
0.239513,0.698324,0.003915,1.300645,-1,-1,-1
0.220925,0.706977,0.003917,1.300645,-1,-1,-1
0.203597,0.714646,0.003920,1.300646,-1,-1,-1
0.192519,0.719336,0.003922,1.300646,-1,-1,-1
0.184033,0.722579,0.003925,1.300647,-1,-1,-1
0.177205,0.724859,0.003927,1.300648,-1,-1,-1
0.172585,0.726277,0.003929,1.300648,-1,-1,-1
0.168929,0.727369,0.003931,1.300648,-1,-1,-1
0.166093,0.728256,0.003934,1.300649,-1,-1,-1
0.165527,0.728449,0.003936,1.300650,-1,-1,-1
0.164919,0.728695,0.003939,1.300650,-1,-1,-1
0.164295,0.729000,0.003942,1.300651,-1,-1,-1
0.163866,0.729245,0.003944,1.300651,-1,-1,-1
0.163495,0.729481,0.003946,1.300652,-1,-1,-1
0.163042,0.729802,0.003948,1.300652,-1,-1,-1
0.162585,0.730169,0.003950,1.300653,-1,-1,-1
0.162132,0.730583,0.003953,1.300653,-1,-1,-1
0.161612,0.731130,0.003956,1.300654,-1,-1,-1
0.161438,0.731334,0.003957,1.300654,-1,-1,-1
0.160963,0.731961,0.003961,1.300655,635,4,23
0.160684,0.732387,0.003963,1.300656,586,5,28
0.160481,0.732730,0.003965,1.300656,545,11,23
0.160349,0.732991,0.003968,1.300657,508,17,19
0.160139,0.733484,0.003970,1.300658,446,10,30
0.159951,0.734032,0.003973,1.300658,413,10,27
0.159829,0.734474,0.003976,1.300659,383,20,18
0.159712,0.735024,0.003977,1.300659,318,16,28
0.159554,0.736019,0.003980,1.300660,290,14,29
0.159469,0.736798,0.003982,1.300660,583,443,22
0.159438,0.737284,0.003984,1.300661,209,15,25
0.159428,0.737481,0.003987,1.300661,178,11,27
0.159402,0.736075,0.003989,1.300662,113,13,19
0.159434,0.735044,0.003991,1.300662,128,8,32
0.159497,0.734336,0.003993,1.300663,171,14,28
0.159695,0.733041,0.003997,1.300664,204,22,20
0.159862,0.732366,0.004000,1.300664,218,13,25
0.160008,0.731898,0.004002,1.300665,274,23,20
0.160185,0.731418,0.004004,1.300665,323,14,6
0.160399,0.730914,0.004006,1.300666,369,20,26
0.160578,0.730545,0.004008,1.300666,428,14,28
0.160788,0.730184,0.004011,1.300667,470,16,28
0.161125,0.729669,0.004013,1.300667,503,12,13
0.161731,0.728745,0.004015,1.300668,573,3,38
0.162438,0.727584,0.004017,1.300668,580,8,24
0.163290,0.726034,0.004021,1.300669,548,12,25
0.163658,0.725295,0.004022,1.300669,513,16,25
0.163689,0.725202,0.004025,1.300670,505,7,31
0.163507,0.725628,0.004027,1.300671,444,25,21
0.163631,0.725143,0.004030,1.300671,407,19,28
0.164719,0.721174,0.004032,1.300672,376,17,27
0.166199,0.715475,0.004035,1.300672,339,21,25
0.168231,0.706369,0.004037,1.300673,333,20,27
0.170713,0.691557,0.004039,1.300673,305,28,22
0.175033,0.656204,0.004042,1.300674,258,28,21
0.178617,0.620963,0.004045,1.300675,229,40,19
0.180882,0.597158,0.004047,1.300675,227,39,19
0.183700,0.567448,0.004050,1.300676,238,5,39
0.185626,0.547210,0.004051,1.300676,223,57,23
0.188541,0.516425,0.004054,1.300677,224,62,18
0.191287,0.487318,0.004056,1.300677,232,66,20
0.194223,0.456147,0.004059,1.300678,233,75,19
0.196483,0.432132,0.004061,1.300678,237,76,18
0.199346,0.401595,0.004063,1.300679,240,84,18
0.203466,0.357473,0.004067,1.300680,242,87,18
0.204865,0.342510,0.004068,1.300680,245,93,17
0.207486,0.314376,0.004070,1.300681,244,96,17
0.210158,0.285569,0.004072,1.300681,247,100,17
0.218161,0.278247,0.004074,1.300682,251,100,6
0.227691,0.272255,0.004077,1.300682,225,104,14
0.234653,0.267823,0.004079,1.300683,137,102,16
0.239943,0.264193,0.004082,1.300683,45,97,17
0.241289,0.263090,0.004085,1.300684,5,94,7
0.241730,0.262588,0.004086,1.300684,-1,-1,-1
0.241749,0.262568,0.004089,1.300685,-1,-1,-1
0.241748,0.262579,0.004091,1.300685,-1,-1,-1
0.241778,0.262528,0.004094,1.300686,-1,-1,-1
0.241648,0.262118,0.004096,1.300687,-1,-1,-1
0.241886,0.263008,0.004098,1.300687,-1,-1,-1
0.242192,0.264277,0.004100,1.300687,-1,-1,-1
0.242611,0.266341,0.004103,1.300688,-1,-1,-1
0.242937,0.268362,0.004106,1.300689,7,101,13
0.243188,0.270409,0.004108,1.300689,33,99,16
0.243355,0.272288,0.004111,1.300690,80,102,16
0.243455,0.274051,0.004113,1.300691,99,103,16
0.243472,0.274480,0.004115,1.300691,121,103,16
0.243469,0.274509,0.004118,1.300692,133,102,16
0.243464,0.274542,0.004120,1.300692,134,103,15
0.243457,0.274584,0.004123,1.300693,132,103,14
0.243452,0.274627,0.004125,1.300693,136,106,16
0.243446,0.274675,0.004127,1.300694,132,104,14
0.243446,0.274890,0.004130,1.300694,133,106,13
0.243462,0.275544,0.004132,1.300695,132,104,12
0.243479,0.277470,0.004135,1.300696,138,104,17
0.243474,0.278470,0.004137,1.300696,157,106,15
0.243511,0.278052,0.004139,1.300696,185,107,15
0.243590,0.277497,0.004141,1.300697,223,109,15
0.243723,0.276847,0.004144,1.300698,253,102,9
0.243887,0.276255,0.004147,1.300698,297,109,15
0.244032,0.275854,0.004149,1.300699,334,108,15
0.244223,0.275408,0.004152,1.300699,393,108,15
0.244399,0.275054,0.004154,1.300700,439,103,6
0.244583,0.274723,0.004156,1.300700,477,102,17
0.244892,0.274241,0.004159,1.300701,518,101,16
0.245113,0.273937,0.004161,1.300702,553,99,17
0.244965,0.274132,0.004163,1.300702,606,100,18
0.244607,0.274644,0.004166,1.300703,632,95,7
0.244327,0.275100,0.004168,1.300703,605,99,16
0.244018,0.275678,0.004170,1.300704,564,103,13
0.243808,0.276136,0.004173,1.300704,489,106,14
0.243585,0.276693,0.004175,1.300705,446,109,13
0.243456,0.277089,0.004178,1.300706,397,105,15
0.243349,0.277492,0.004180,1.300706,365,105,6
0.243243,0.278010,0.004182,1.300707,314,108,15
0.243176,0.278473,0.004185,1.300707,287,107,15
0.243131,0.279061,0.004188,1.300708,231,110,11
0.243125,0.279439,0.004189,1.300708,225,103,11
0.243140,0.279870,0.004192,1.300709,149,107,13
0.243181,0.280327,0.004194,1.300709,101,100,14
0.243256,0.280816,0.004196,1.300710,69,99,16
0.243140,0.280491,0.004199,1.300710,10,97,17
0.242498,0.278104,0.004201,1.300711,-1,-1,-1
0.241759,0.275204,0.004203,1.300711,-1,-1,-1
0.241135,0.272480,0.004205,1.300712,-1,-1,-1
0.240942,0.271371,0.004208,1.300713,1,97,11
0.240806,0.271499,0.004211,1.300713,29,97,17
0.240925,0.272978,0.004213,1.300714,91,104,16
0.241014,0.274646,0.004216,1.300714,106,105,14
0.241059,0.276663,0.004218,1.300715,129,103,16
0.241053,0.278093,0.004220,1.300715,152,105,16
0.240966,0.280629,0.004223,1.300716,178,105,15
0.240876,0.281964,0.004225,1.300716,198,102,13
0.240840,0.282440,0.004227,1.300717,215,104,16
0.240933,0.281975,0.004230,1.300718,245,109,15
0.241055,0.281509,0.004232,1.300718,291,111,14
0.241227,0.280993,0.004235,1.300719,345,103,6
0.241373,0.280626,0.004237,1.300719,371,103,13
0.241554,0.280231,0.004239,1.300720,416,107,16
0.241684,0.279982,0.004242,1.300720,459,106,15
0.241347,0.280635,0.004244,1.300721,508,99,5
0.241083,0.281213,0.004247,1.300722,494,102,14
0.240885,0.281722,0.004249,1.300722,437,109,13
0.240721,0.282224,0.004251,1.300723,396,111,10
0.240534,0.282954,0.004254,1.300723,370,105,6
0.240448,0.283403,0.004256,1.300724,314,111,12
0.240362,0.284044,0.004259,1.300724,275,105,6
0.240319,0.284619,0.004261,1.300725,234,103,17
0.240312,0.285020,0.004263,1.300725,185,104,16
0.240346,0.285638,0.004266,1.300726,162,102,14
0.240512,0.287754,0.004268,1.300727,114,104,14
0.240595,0.289333,0.004270,1.300727,108,97,7
0.240623,0.290498,0.004273,1.300728,122,105,13
0.240646,0.290314,0.004275,1.300728,154,104,13
0.240695,0.289895,0.004277,1.300729,188,107,14
0.240772,0.289449,0.004280,1.300729,235,105,14
0.240895,0.288930,0.004282,1.300730,277,103,17
0.241033,0.288473,0.004285,1.300731,323,103,11
0.241134,0.288192,0.004287,1.300731,362,106,16
0.240942,0.288745,0.004290,1.300732,402,103,14
0.240784,0.289297,0.004292,1.300732,379,108,12
0.240635,0.289978,0.004295,1.300733,337,104,13
0.240553,0.290513,0.004297,1.300733,319,104,15
0.240508,0.290957,0.004299,1.300734,251,105,16
0.240484,0.291405,0.004301,1.300734,223,105,14
0.240480,0.292015,0.004304,1.300735,173,103,7
0.240484,0.292230,0.004306,1.300736,135,104,12
0.240494,0.292388,0.004309,1.300736,72,101,15
0.240562,0.292769,0.004311,1.300737,29,97,18
0.240648,0.293133,0.004313,1.300737,-1,-1,-1
0.240710,0.293341,0.004315,1.300738,-1,-1,-1
0.240672,0.293115,0.004318,1.300738,-1,-1,-1
0.240588,0.292595,0.004320,1.300739,-1,-1,-1
0.240580,0.292394,0.004323,1.300740,46,95,18
0.240574,0.291981,0.004326,1.300740,79,96,14
0.240590,0.291495,0.004328,1.300741,127,98,14
0.240627,0.291087,0.004330,1.300741,165,102,16
0.240611,0.291227,0.004332,1.300742,213,108,11
0.239740,0.296248,0.004335,1.300742,249,106,16
0.237022,0.307687,0.004338,1.300743,296,106,15
0.233879,0.317806,0.004340,1.300744,337,105,15
0.227166,0.336097,0.004342,1.300744,377,100,7
0.219475,0.354211,0.004344,1.300745,398,99,15
0.205813,0.382779,0.004347,1.300745,448,95,15
0.193862,0.405481,0.004349,1.300746,502,88,15
0.176119,0.438908,0.004352,1.300747,531,84,18
0.163635,0.462468,0.004355,1.300747,542,79,19
0.154604,0.479526,0.004356,1.300747,544,75,18
0.143631,0.500293,0.004359,1.300748,552,23,27
0.136417,0.514109,0.004361,1.300749,558,65,20
0.129875,0.526454,0.004364,1.300749,561,59,23
0.127040,0.531410,0.004366,1.300750,577,57,22
0.124245,0.536088,0.004368,1.300750,609,11,21
0.121607,0.540413,0.004371,1.300751,620,51,23
0.119462,0.543934,0.004373,1.300751,628,52,23
0.118135,0.546194,0.004376,1.300752,629,51,24
0.117696,0.546997,0.004378,1.300753,610,45,27
0.117472,0.547464,0.004380,1.300753,574,53,21
0.117247,0.548010,0.004383,1.300754,535,56,22
0.117085,0.548471,0.004385,1.300754,487,63,19
0.116907,0.549091,0.004387,1.300755,439,63,19
0.116769,0.549726,0.004390,1.300755,402,60,19
0.116538,0.551582,0.004392,1.300756,345,67,18
0.115959,0.557876,0.004395,1.300757,302,64,22
0.115158,0.566314,0.004397,1.300757,287,62,20
0.113954,0.579999,0.004400,1.300758,284,61,21
0.112032,0.602946,0.004402,1.300758,277,56,19
0.109535,0.626992,0.004405,1.300759,275,51,21
0.106759,0.648711,0.004407,1.300759,284,45,20
0.102982,0.676797,0.004409,1.300760,299,40,20
0.098545,0.709887,0.004412,1.300761,312,40,19
0.093214,0.749291,0.004415,1.300761,306,30,21
0.090208,0.771533,0.004417,1.300762,313,18,23
0.086531,0.798795,0.004419,1.300762,306,6,25
0.083654,0.820103,0.004421,1.300763,309,5,21
0.079532,0.849788,0.004423,1.300763,311,1,16
0.076519,0.868987,0.004426,1.300764,-1,-1,-1
0.075110,0.876861,0.004428,1.300764,-1,-1,-1
0.075032,0.877349,0.004430,1.300765,-1,-1,-1
0.076814,0.868337,0.004433,1.300766,-1,-1,-1
0.078492,0.858141,0.004436,1.300766,-1,-1,-1
0.080686,0.844890,0.004438,1.300767,-1,-1,-1
0.084273,0.824678,0.004440,1.300767,-1,-1,-1
0.089777,0.792090,0.004443,1.300768,-1,-1,-1
0.093784,0.766886,0.004445,1.300768,-1,-1,-1
0.097869,0.741237,0.004447,1.300769,323,7,22
0.102986,0.709150,0.004449,1.300770,324,8,27
0.107498,0.680644,0.004452,1.300770,334,13,6
0.110861,0.659390,0.004454,1.300771,318,20,19
0.116457,0.624092,0.004456,1.300771,320,29,26
0.121433,0.592646,0.004459,1.300772,325,47,21
0.125688,0.565570,0.004461,1.300772,318,47,19
0.130050,0.537878,0.004463,1.300773,322,59,21
0.134931,0.506940,0.004466,1.300773,322,64,21
0.140945,0.468532,0.004469,1.300774,323,69,20
0.144320,0.446972,0.004471,1.300775,322,77,19
0.148852,0.418075,0.004473,1.300775,321,80,19
0.152637,0.393912,0.004475,1.300776,320,85,18
0.158977,0.353132,0.004479,1.300776,317,85,13
0.162158,0.332715,0.004480,1.300777,323,98,13
0.167167,0.300607,0.004483,1.300778,320,96,18
0.174674,0.283861,0.004485,1.300778,323,102,15
0.183823,0.278285,0.004488,1.300779,320,104,15
0.190147,0.276339,0.004490,1.300779,240,104,14
0.193418,0.275775,0.004492,1.300780,180,109,12
0.194928,0.275487,0.004495,1.300780,180,103,17
0.194926,0.275488,0.004497,1.300781,122,103,16
0.194955,0.275479,0.004499,1.300781,116,101,13
0.194940,0.275482,0.004502,1.300782,120,101,17
0.194930,0.275485,0.004505,1.300783,120,104,15
0.194945,0.275481,0.004507,1.300783,120,101,17
0.194957,0.275476,0.004510,1.300784,124,102,15
0.194941,0.275481,0.004511,1.300784,120,104,17
0.194938,0.275482,0.004513,1.300785,122,105,13
0.194967,0.275474,0.004516,1.300785,124,97,6
0.194954,0.275476,0.004518,1.300786,121,105,14
0.194944,0.275479,0.004521,1.300787,116,99,13
0.194950,0.275477,0.004523,1.300787,120,102,17
0.194990,0.275466,0.004526,1.300788,122,104,15
0.194956,0.275475,0.004528,1.300788,119,101,17
0.194952,0.275477,0.004530,1.300789,119,102,16
0.194990,0.275466,0.004533,1.300789,119,104,15
0.194967,0.275471,0.004536,1.300790,116,105,13
0.194958,0.275474,0.004538,1.300791,119,101,17
0.194957,0.275475,0.004540,1.300791,118,103,17
0.194953,0.275543,0.004543,1.300792,120,99,7
0.194995,0.276057,0.004545,1.300792,116,100,13
0.195022,0.276675,0.004547,1.300793,149,101,12
0.194955,0.278302,0.004549,1.300793,171,104,17
0.194887,0.280456,0.004552,1.300794,199,108,13
0.194744,0.282605,0.004555,1.300795,218,107,13
0.194571,0.284336,0.004557,1.300795,240,106,14
0.194368,0.285838,0.004559,1.300796,265,107,16
0.194012,0.287961,0.004562,1.300796,290,102,11
0.193774,0.289155,0.004564,1.300797,313,102,13
0.193622,0.289829,0.004566,1.300797,335,107,15
0.193606,0.289861,0.004569,1.300798,352,106,16
0.193592,0.289887,0.004571,1.300799,349,103,12
0.193565,0.289966,0.004574,1.300799,349,103,14
0.193468,0.290365,0.004576,1.300800,355,103,12
0.193268,0.291179,0.004578,1.300800,360,107,13
0.192919,0.292470,0.004581,1.300801,368,107,15
0.192501,0.293833,0.004583,1.300801,395,103,15
0.192124,0.294923,0.004585,1.300802,415,106,15
0.191625,0.296203,0.004588,1.300803,439,103,14
0.191181,0.297208,0.004591,1.300803,478,102,16
0.190963,0.297664,0.004592,1.300804,499,101,16
0.191215,0.297237,0.004595,1.300804,530,99,16
0.191601,0.296671,0.004598,1.300805,584,92,13
0.191898,0.296288,0.004600,1.300805,639,89,15
0.192351,0.295707,0.004601,1.300806,-1,-1,-1
0.192630,0.295323,0.004604,1.300806,-1,-1,-1
0.192360,0.295703,0.004606,1.300807,-1,-1,-1
0.192012,0.296270,0.004609,1.300808,607,94,18
0.192569,0.296325,0.004612,1.300808,550,98,16
0.192567,0.296326,0.004614,1.300809,533,93,5
0.192566,0.296331,0.004616,1.300809,531,100,17
0.192563,0.296339,0.004619,1.300810,533,98,17
0.192551,0.296366,0.004621,1.300811,531,97,16
0.192539,0.296392,0.004624,1.300811,531,100,16
0.192538,0.296397,0.004626,1.300812,529,94,7
0.192539,0.296402,0.004628,1.300812,531,97,17
0.192540,0.296406,0.004631,1.300813,530,97,17
0.192507,0.296473,0.004633,1.300814,533,98,17
0.192226,0.297034,0.004636,1.300814,534,100,15
0.191793,0.297890,0.004638,1.300815,535,101,12
0.191033,0.299481,0.004641,1.300815,533,101,13
0.190795,0.300037,0.004643,1.300816,518,96,6
0.190626,0.300479,0.004645,1.300816,464,100,15
0.190512,0.300826,0.004647,1.300817,432,102,18
0.190361,0.301419,0.004650,1.300818,385,102,14
0.190251,0.302012,0.004653,1.300818,365,105,15
0.190196,0.302439,0.004655,1.300819,312,102,14
0.190159,0.302926,0.004657,1.300819,261,103,15
0.190151,0.303474,0.004660,1.300820,211,105,12
0.190169,0.303918,0.004662,1.300820,173,100,15
0.190184,0.304165,0.004664,1.300821,120,100,16
0.190145,0.303789,0.004666,1.300821,89,98,16
0.190114,0.303154,0.004669,1.300822,109,101,14
0.190132,0.302444,0.004672,1.300823,165,96,6
0.190178,0.301947,0.004674,1.300823,210,101,16
0.190236,0.301537,0.004676,1.300824,242,105,15
0.190360,0.300915,0.004678,1.300824,275,99,5
0.190497,0.300401,0.004681,1.300825,326,104,15
0.190624,0.300038,0.004683,1.300826,374,107,14
0.190807,0.299592,0.004686,1.300826,421,100,14
0.190994,0.299201,0.004688,1.300827,460,104,15
0.191269,0.298705,0.004691,1.300827,497,98,15
0.191320,0.298623,0.004693,1.300828,536,96,13
0.190218,0.300418,0.004695,1.300829,594,93,17
0.189607,0.301472,0.004697,1.300829,604,92,16
0.189221,0.302191,0.004700,1.300830,560,95,15
0.188966,0.302737,0.004702,1.300830,537,102,11
0.188757,0.303258,0.004705,1.300831,476,99,16
0.188650,0.303591,0.004707,1.300831,433,100,15
0.188514,0.304091,0.004709,1.300832,392,101,15
0.188412,0.304573,0.004712,1.300833,350,103,11
0.188327,0.305134,0.004714,1.300833,312,103,15
0.188278,0.305713,0.004717,1.300834,268,99,9
0.188267,0.306193,0.004719,1.300834,234,100,15
0.188266,0.306371,0.004722,1.300835,180,104,14
0.188256,0.306014,0.004723,1.300835,152,101,16
0.188276,0.305320,0.004726,1.300836,176,97,18
0.188332,0.304745,0.004729,1.300837,214,98,11
0.188402,0.304290,0.004731,1.300837,252,99,13
0.188558,0.303589,0.004734,1.300838,292,103,13
0.188698,0.303101,0.004736,1.300838,336,104,16
0.188870,0.302594,0.004738,1.300839,387,104,15
0.190885,0.296814,0.004741,1.300840,427,101,16
0.194672,0.293136,0.004743,1.300840,437,99,13
0.197718,0.292147,0.004745,1.300841,437,102,15
0.199492,0.291505,0.004748,1.300841,396,105,14
0.200465,0.291142,0.004750,1.300842,390,104,15
0.200748,0.291030,0.004753,1.300842,373,106,14
0.200767,0.291023,0.004755,1.300843,366,102,17
0.200790,0.291015,0.004757,1.300844,367,106,16
0.200839,0.291026,0.004759,1.300844,366,102,14
0.200731,0.291165,0.004762,1.300845,366,104,15
0.199994,0.293912,0.004765,1.300845,370,106,17
0.198032,0.300856,0.004767,1.300846,371,106,15
0.194398,0.312574,0.004769,1.300847,379,104,13
0.187936,0.332058,0.004772,1.300847,405,101,14
0.182491,0.347499,0.004774,1.300848,423,97,17
0.171591,0.375085,0.004776,1.300848,441,96,16
0.162580,0.396916,0.004778,1.300849,471,90,6
0.147191,0.434203,0.004782,1.300850,487,88,17
0.137164,0.458476,0.004784,1.300850,488,83,19
0.128244,0.480066,0.004786,1.300851,496,76,20
0.116864,0.507626,0.004788,1.300851,491,80,15
0.107085,0.531281,0.004790,1.300852,509,67,21
0.093884,0.563200,0.004793,1.300852,513,58,19
0.081568,0.592983,0.004796,1.300853,533,11,35
0.070912,0.619008,0.004798,1.300854,529,42,11
0.061772,0.643657,0.004801,1.300854,532,37,19
0.058197,0.655779,0.004803,1.300855,510,30,28
0.055914,0.666522,0.004805,1.300855,473,37,22
0.054354,0.677344,0.004808,1.300856,433,2,21
0.053704,0.683668,0.004810,1.300856,353,30,24
0.053167,0.690493,0.004812,1.300857,341,21,6
0.052796,0.696225,0.004815,1.300858,322,24,24
0.052545,0.699819,0.004818,1.300858,317,28,23
0.052458,0.700926,0.004819,1.300859,308,20,29
0.052424,0.701512,0.004822,1.300859,321,23,26
0.052420,0.702058,0.004825,1.300860,281,26,21
0.052425,0.702252,0.004826,1.300860,240,18,11
0.052432,0.702406,0.004828,1.300861,193,21,25
0.052515,0.702940,0.004831,1.300862,159,11,8
0.052598,0.703322,0.004833,1.300862,114,12,29
0.052764,0.703909,0.004836,1.300863,59,6,30
0.052896,0.704285,0.004838,1.300863,16,12,20
0.053058,0.704681,0.004841,1.300864,-1,-1,-1
0.053266,0.705118,0.004843,1.300865,-1,-1,-1
0.053239,0.705101,0.004845,1.300865,-1,-1,-1
0.052872,0.704420,0.004848,1.300866,-1,-1,-1
0.052573,0.703742,0.004851,1.300866,-1,-1,-1
0.052437,0.703374,0.004852,1.300867,-1,-1,-1
0.052258,0.702800,0.004855,1.300867,-1,-1,-1
0.052088,0.702078,0.004858,1.300868,20,10,19
0.052019,0.701666,0.004860,1.300869,84,12,27
0.051962,0.701203,0.004862,1.300869,167,1,35
0.051946,0.700789,0.004865,1.300870,177,20,19
0.051956,0.700333,0.004868,1.300871,217,19,29
0.051979,0.700001,0.004869,1.300871,253,21,28
0.052055,0.699412,0.004872,1.300872,298,21,27
0.052143,0.698971,0.004875,1.300872,343,21,27
0.052242,0.698578,0.004877,1.300873,394,27,18
0.052423,0.698012,0.004880,1.300874,418,22,26
0.052621,0.697505,0.004882,1.300874,484,17,21
0.052891,0.696903,0.004884,1.300875,503,18,21
0.053183,0.696309,0.004886,1.300875,569,10,29
0.053676,0.695409,0.004889,1.300876,602,15,21
0.053924,0.695025,0.004891,1.300876,636,10,21
0.053398,0.695833,0.004893,1.300877,-1,-1,-1
0.052865,0.696690,0.004895,1.300877,-1,-1,-1
0.052488,0.697360,0.004898,1.300878,-1,-1,-1
0.051990,0.698446,0.004901,1.300879,609,14,19
0.051647,0.699314,0.004903,1.300879,586,13,23
0.051449,0.699883,0.004905,1.300880,515,14,28
0.051246,0.700603,0.004908,1.300881,470,19,21
0.051115,0.701230,0.004911,1.300881,469,12,33
0.051029,0.701824,0.004913,1.300882,467,16,30
0.050981,0.702358,0.004915,1.300882,353,20,27
0.050958,0.702869,0.004917,1.300883,306,19,28
0.050961,0.703256,0.004920,1.300883,267,22,24
0.050983,0.703633,0.004922,1.300884,224,22,25
0.051048,0.704116,0.004925,1.300885,219,13,22
0.051157,0.704665,0.004928,1.300885,126,10,20
0.051251,0.705031,0.004929,1.300886,88,12,8
0.051376,0.705434,0.004932,1.300886,43,6,29
0.051534,0.705863,0.004934,1.300887,27,14,11
0.051701,0.706253,0.004936,1.300887,-1,-1,-1
0.051923,0.706698,0.004938,1.300888,-1,-1,-1
0.051640,0.706218,0.004941,1.300889,-1,-1,-1
0.051450,0.705841,0.004943,1.300889,-1,-1,-1
0.051190,0.705241,0.004946,1.300890,-1,-1,-1
0.050990,0.704682,0.004948,1.300890,-1,-1,-1
0.050836,0.704152,0.004950,1.300891,4,6,20
0.050685,0.703463,0.004953,1.300892,55,1,35
0.050616,0.703010,0.004955,1.300892,81,9,28
0.050558,0.702372,0.004958,1.300893,122,15,21
0.050547,0.702018,0.004961,1.300893,178,22,22
0.050563,0.701649,0.004963,1.300894,214,16,20
0.050601,0.701197,0.004965,1.300895,273,20,27
0.050662,0.700778,0.004967,1.300895,322,29,18
0.050769,0.700254,0.004970,1.300896,351,21,29
0.050881,0.699839,0.004972,1.300896,402,20,27
0.051060,0.699304,0.004975,1.300897,429,20,27
0.051284,0.698740,0.004978,1.300898,484,13,30
0.051749,0.697732,0.004980,1.300898,523,11,29
0.052119,0.697024,0.004982,1.300899,578,12,24
0.051774,0.697664,0.004984,1.300899,622,12,23
0.051076,0.699003,0.004986,1.300900,638,9,21
0.050283,0.700685,0.004989,1.300900,620,9,23
0.049593,0.702349,0.004992,1.300901,607,15,20
0.049222,0.703362,0.004994,1.300902,547,9,31
0.049019,0.703998,0.004996,1.300902,516,12,28
0.048864,0.704615,0.004999,1.300903,464,12,30
0.048755,0.705193,0.005001,1.300903,458,16,30
0.048674,0.705800,0.005004,1.300904,385,19,7
0.048632,0.706428,0.005007,1.300905,345,19,27
0.048629,0.706755,0.005008,1.300905,311,19,27
0.048651,0.707324,0.005011,1.300906,244,23,25
0.048702,0.707824,0.005013,1.300906,216,18,16
0.048774,0.708274,0.005015,1.300907,161,11,30
0.048867,0.708710,0.005018,1.300908,134,11,28
0.049008,0.709221,0.005020,1.300908,87,19,16
0.049145,0.709627,0.005022,1.300909,42,8,25
0.049304,0.710027,0.005024,1.300909,-1,-1,-1
0.049336,0.710126,0.005027,1.300910,-1,-1,-1
0.049062,0.709510,0.005029,1.300910,-1,-1,-1
0.048893,0.709055,0.005031,1.300911,-1,-1,-1
0.048706,0.708438,0.005034,1.300912,3,9,15
0.048568,0.707844,0.005037,1.300912,37,9,19
0.048468,0.707231,0.005039,1.300913,70,10,24
0.048417,0.706719,0.005042,1.300913,130,11,28
0.048395,0.706092,0.005045,1.300914,192,21,22
0.048412,0.705446,0.005047,1.300915,210,18,18
0.048453,0.705011,0.005049,1.300915,266,20,26
0.048517,0.704590,0.005051,1.300916,317,29,19
0.048619,0.704107,0.005054,1.300917,310,26,22
0.048739,0.703673,0.005056,1.300917,446,13,28
0.048860,0.703306,0.005058,1.300918,443,20,11
0.049010,0.702915,0.005060,1.300918,488,24,18
0.049000,0.702936,0.005063,1.300919,521,23,18
0.048169,0.704800,0.005065,1.300919,586,16,20
0.047358,0.706743,0.005068,1.300920,580,2,32
0.047007,0.707675,0.005070,1.300921,551,13,24
0.046793,0.708361,0.005073,1.300921,512,10,30
0.046660,0.708893,0.005075,1.300922,483,9,31
0.046565,0.709387,0.005077,1.300922,417,17,27
0.046486,0.710008,0.005080,1.300923,372,26,21
0.046456,0.710449,0.005083,1.300924,326,27,19
0.046449,0.710907,0.005085,1.300924,293,14,14
0.046467,0.711402,0.005087,1.300925,257,24,22
0.046530,0.712006,0.005090,1.300926,224,16,28
0.046593,0.712397,0.005092,1.300926,164,14,27
0.046675,0.712785,0.005094,1.300926,125,9,31
0.046835,0.713366,0.005097,1.300927,63,10,24
0.046955,0.713723,0.005099,1.300928,33,2,29
0.047214,0.714354,0.005102,1.300928,6,8,17
0.047360,0.714658,0.005103,1.300929,-1,-1,-1
0.047529,0.714975,0.005105,1.300929,-1,-1,-1
0.047863,0.715523,0.005108,1.300930,-1,-1,-1
0.048189,0.715981,0.005110,1.300931,-1,-1,-1
0.048541,0.716415,0.005113,1.300931,-1,-1,-1
0.049060,0.716974,0.005116,1.300932,-1,-1,-1
0.049678,0.717553,0.005118,1.300932,-1,-1,-1
0.050159,0.717966,0.005120,1.300933,-1,-1,-1
0.050684,0.718374,0.005122,1.300934,-1,-1,-1
0.051060,0.718634,0.005124,1.300934,-1,-1,-1
0.052098,0.719239,0.005128,1.300935,575,348,14
0.052730,0.719573,0.005129,1.300935,550,386,29
0.052855,0.719637,0.005132,1.300936,-1,-1,-1
0.052892,0.719656,0.005135,1.300937,-1,-1,-1
0.052915,0.719668,0.005136,1.300937,-1,-1,-1
0.052957,0.719689,0.005139,1.300938,-1,-1,-1
0.052997,0.719710,0.005142,1.300939,-1,-1,-1
0.053038,0.719731,0.005145,1.300939,-1,-1,-1
